This is TeX, Version 3.14159265 (MiKTeX 2.9.7300 64-bit) (preloaded format=tex 2020.3.20)  20 MAR 2020 18:19
**./gettitlestring.dtx
(gettitlestring.dtx ("C:\Program Files\MiKTeX 2.9\tex/latex/base\docstrip.tex"
\blockLevel=\count26
\emptyLines=\count27
\processedLines=\count28
\commentsRemoved=\count29
\commentsPassed=\count30
\codeLinesPassed=\count31
\TotalprocessedLines=\count32
\TotalcommentsRemoved=\count33
\TotalcommentsPassed=\count34
\TotalcodeLinesPassed=\count35
\NumberOfFiles=\count36
\inFile=\read0
\inputcheck=\read1
\@tempcnta=\count37
\off@0=\count38
\off@1=\count39
\off@2=\count40
\off@3=\count41
\off@4=\count42
\off@5=\count43
\off@6=\count44
\off@7=\count45
\off@8=\count46
\off@9=\count47
\off@10=\count48
\off@11=\count49
\off@12=\count50
\off@13=\count51
\off@14=\count52
\off@15=\count53
\@temptokena=\toks12
\@maxfiles=\count54
\@maxoutfiles=\count55

Utility: `docstrip' 2.5g <2018/05/03>
English documentation    <2018/05/03>

**********************************************************
* This program converts documented macro-files into fast *
* loadable files by stripping off (nearly) all comments! *
**********************************************************

********************************************************
* No Configuration file found, using default settings. *
********************************************************

)
************************************************************************
* Installation
* Package: gettitlestring 2019/12/15 v1.6 Cleanup title references (HO)
************************************************************************

Generating file(s) gettitlestring.ins gettitlestring.drv gettitlestring.sty 
\openout0 = `gettitlestring.ins'.

\openout1 = `gettitlestring.drv'.

\openout2 = `gettitlestring.sty'.


Processing file gettitlestring.dtx (install) -> gettitlestring.ins
                                   (driver) -> gettitlestring.drv
                                   (package) -> gettitlestring.sty
File gettitlestring.dtx ended by \endinput.
Lines  processed: 810
Comments removed: 442
Comments  passed: 1
Codelines passed: 357

************************************************************************
*
* To finish the installation you have to move the following
* file into a directory searched by TeX:
*
*     gettitlestring.sty
*
* To produce the documentation run the file `gettitlestring.drv'
* through LaTeX.
*
* Happy TeXing!
*
************************************************************************
 )
No pages of output.
