This is pdfTeX, Version 3.14159265-2.6-1.40.20 (MiKTeX 2.9.7140 64-bit) (preloaded format=pdflatex 2019.9.15)  27 DEC 2019 17:46
entering extended mode
**./monografia.tex
(monografia.tex
LaTeX2e <2018-12-01>

("C:\Users\desktop-windows\AppData\Local\Programs\MiKTeX 2.9\tex/latex/base\art
icle.cls"
Document Class: article 2018/09/03 v1.4i Standard LaTeX document class

("C:\Users\desktop-windows\AppData\Local\Programs\MiKTeX 2.9\tex/latex/base\siz
e12.clo"
File: size12.clo 2018/09/03 v1.4i Standard LaTeX file (size option)
)
\c@part=\count80
\c@section=\count81
\c@subsection=\count82
\c@subsubsection=\count83
\c@paragraph=\count84
\c@subparagraph=\count85
\c@figure=\count86
\c@table=\count87
\abovecaptionskip=\skip41
\belowcaptionskip=\skip42
\bibindent=\dimen102
)
("C:\Users\desktop-windows\AppData\Local\Programs\MiKTeX 2.9\tex/generic/babel\
babel.sty"
Package: babel 2019/07/19 3.33 The Babel package

("C:\Users\desktop-windows\AppData\Local\Programs\MiKTeX 2.9\tex/generic/babel\
switch.def"
File: switch.def 2019/07/19 3.33 Babel switching mechanism
)
*************************************
* Local config file bblopts.cfg used
*

("C:\Users\desktop-windows\AppData\Local\Programs\MiKTeX 2.9\tex/latex/arabi\bb
lopts.cfg"
File: bblopts.cfg 2005/09/08 v0.1 add Arabic and Farsi to "declared" options of
 babel
)
("C:\Users\desktop-windows\AppData\Local\Programs\MiKTeX 2.9\tex/latex/babel-en
glish\english.ldf"
Language: english 2017/06/06 v3.3r English support from the babel system

("C:\Users\desktop-windows\AppData\Local\Programs\MiKTeX 2.9\tex/generic/babel\
babel.def"
File: babel.def 2019/07/19 3.33 Babel common definitions
\babel@savecnt=\count88
\U@D=\dimen103

("C:\Users\desktop-windows\AppData\Local\Programs\MiKTeX 2.9\tex/generic/babel\
txtbabel.def")
\bbl@dirlevel=\count89
)
\l@canadian = a dialect from \language\l@american 
\l@australian = a dialect from \language\l@british 
\l@newzealand = a dialect from \language\l@british 
)
("C:\Users\desktop-windows\AppData\Local\Programs\MiKTeX 2.9\tex/latex/babel-po
rtuges\portuges.ldf"
Language: portuges 2008/03/18 v1.2q Portuguese support from the babel system
\l@brazil = a dialect from \language\l@portuges 
Package babel Info: Making " an active character on input line 145.
))
("C:\Users\desktop-windows\AppData\Local\Programs\MiKTeX 2.9\tex/latex/base\inp
utenc.sty"
Package: inputenc 2018/08/11 v1.3c Input encoding file
\inpenc@prehook=\toks14
\inpenc@posthook=\toks15
)
("C:\Users\desktop-windows\AppData\Local\Programs\MiKTeX 2.9\tex/latex/cite\cit
e.sty"
LaTeX Info: Redefining \cite on input line 302.
LaTeX Info: Redefining \nocite on input line 332.
Package: cite 2015/02/27  v 5.5
)
("C:\Users\desktop-windows\AppData\Local\Programs\MiKTeX 2.9\tex/latex/epsf\eps
f.sty"
This is `epsf.tex' v2.7.4 <14 February 2011>
\epsffilein=\read1
\epsfframemargin=\dimen104
\epsfframethickness=\dimen105
\epsfrsize=\dimen106
\epsftmp=\dimen107
\epsftsize=\dimen108
\epsfxsize=\dimen109
\epsfysize=\dimen110
\pspoints=\dimen111
)
("C:\Users\desktop-windows\AppData\Local\Programs\MiKTeX 2.9\tex/latex/graphics
\epsfig.sty"
Package: epsfig 2017/06/25 v1.7b (e)psfig emulation (SPQR)

("C:\Users\desktop-windows\AppData\Local\Programs\MiKTeX 2.9\tex/latex/graphics
\graphicx.sty"
Package: graphicx 2017/06/01 v1.1a Enhanced LaTeX Graphics (DPC,SPQR)

("C:\Users\desktop-windows\AppData\Local\Programs\MiKTeX 2.9\tex/latex/graphics
\keyval.sty"
Package: keyval 2014/10/28 v1.15 key=value parser (DPC)
\KV@toks@=\toks16
)
("C:\Users\desktop-windows\AppData\Local\Programs\MiKTeX 2.9\tex/latex/graphics
\graphics.sty"
Package: graphics 2017/06/25 v1.2c Standard LaTeX Graphics (DPC,SPQR)

("C:\Users\desktop-windows\AppData\Local\Programs\MiKTeX 2.9\tex/latex/graphics
\trig.sty"
Package: trig 2016/01/03 v1.10 sin cos tan (DPC)
)
("C:\Users\desktop-windows\AppData\Local\Programs\MiKTeX 2.9\tex/latex/graphics
-cfg\graphics.cfg"
File: graphics.cfg 2016/06/04 v1.11 sample graphics configuration
)
Package graphics Info: Driver file: pdftex.def on input line 99.

("C:\Users\desktop-windows\AppData\Local\Programs\MiKTeX 2.9\tex/latex/graphics
-def\pdftex.def"
File: pdftex.def 2018/01/08 v1.0l Graphics/color driver for pdftex
))
\Gin@req@height=\dimen112
\Gin@req@width=\dimen113
)
\epsfxsize=\dimen114
\epsfysize=\dimen115
) (auxiliares/psfig.sty) (auxiliares/pagina.sty)
("C:\Users\desktop-windows\AppData\Local\Programs\MiKTeX 2.9\tex/latex/tools\in
dentfirst.sty"
Package: indentfirst 1995/11/23 v1.03 Indent first paragraph (DPC)
)
("C:\Users\desktop-windows\AppData\Local\Programs\MiKTeX 2.9\tex/latex/tools\th
eorem.sty"
Package: theorem 2014/10/28 v2.2c Theorem extension package (FMi)
\theorem@style=\toks17
\theorem@bodyfont=\toks18
\theorempreskipamount=\skip43
\theorempostskipamount=\skip44

("C:\Users\desktop-windows\AppData\Local\Programs\MiKTeX 2.9\tex/latex/tools\th
p.sty"
File: thp.sty 2014/10/28 v2.2c Theorem extension package (FMi)
))
("C:\Users\desktop-windows\AppData\Local\Programs\MiKTeX 2.9\tex/latex/fancyhdr
\fancyhdr.sty"
Package: fancyhdr 2019/01/31 v3.10 Extensive control of page headers and footer
s
\f@nch@headwidth=\skip45
\f@nch@O@elh=\skip46
\f@nch@O@erh=\skip47
\f@nch@O@olh=\skip48
\f@nch@O@orh=\skip49
\f@nch@O@elf=\skip50
\f@nch@O@erf=\skip51
\f@nch@O@olf=\skip52
\f@nch@O@orf=\skip53
)
("C:\Users\desktop-windows\AppData\Local\Programs\MiKTeX 2.9\tex/latex/setspace
\setspace.sty"
Package: setspace 2011/12/19 v6.7a set line spacing
)
("C:\Users\desktop-windows\AppData\Local\Programs\MiKTeX 2.9\tex/latex/boxedmin
ipage\boxedminipage.sty")
("C:\Users\desktop-windows\AppData\Local\Programs\MiKTeX 2.9\tex/latex/float\fl
oat.sty"
Package: float 2001/11/08 v1.3d Float enhancements (AL)
\c@float@type=\count90
\float@exts=\toks19
\float@box=\box27
\@float@everytoks=\toks20
\@floatcapt=\box28
)
("C:\Users\desktop-windows\AppData\Local\Programs\MiKTeX 2.9\tex/latex/base\mak
eidx.sty"
Package: makeidx 2014/09/29 v1.0m Standard LaTeX package
)
("C:\Users\desktop-windows\AppData\Local\Programs\MiKTeX 2.9\tex/latex/amsmath\
amsmath.sty"
Package: amsmath 2018/12/01 v2.17b AMS math features
\@mathmargin=\skip54

For additional information on amsmath, use the `?' option.

("C:\Users\desktop-windows\AppData\Local\Programs\MiKTeX 2.9\tex/latex/amsmath\
amstext.sty"
Package: amstext 2000/06/29 v2.01 AMS text

("C:\Users\desktop-windows\AppData\Local\Programs\MiKTeX 2.9\tex/latex/amsmath\
amsgen.sty"
File: amsgen.sty 1999/11/30 v2.0 generic functions
\@emptytoks=\toks21
\ex@=\dimen116
))
("C:\Users\desktop-windows\AppData\Local\Programs\MiKTeX 2.9\tex/latex/amsmath\
amsbsy.sty"
Package: amsbsy 1999/11/29 v1.2d Bold Symbols
\pmbraise@=\dimen117
)
("C:\Users\desktop-windows\AppData\Local\Programs\MiKTeX 2.9\tex/latex/amsmath\
amsopn.sty"
Package: amsopn 2016/03/08 v2.02 operator names
)
\inf@bad=\count91
LaTeX Info: Redefining \frac on input line 223.
\uproot@=\count92
\leftroot@=\count93
LaTeX Info: Redefining \overline on input line 385.
\classnum@=\count94
\DOTSCASE@=\count95
LaTeX Info: Redefining \ldots on input line 482.
LaTeX Info: Redefining \dots on input line 485.
LaTeX Info: Redefining \cdots on input line 606.
\Mathstrutbox@=\box29
\strutbox@=\box30
\big@size=\dimen118
LaTeX Font Info:    Redeclaring font encoding OML on input line 729.
LaTeX Font Info:    Redeclaring font encoding OMS on input line 730.
\macc@depth=\count96
\c@MaxMatrixCols=\count97
\dotsspace@=\muskip10
\c@parentequation=\count98
\dspbrk@lvl=\count99
\tag@help=\toks22
\row@=\count100
\column@=\count101
\maxfields@=\count102
\andhelp@=\toks23
\eqnshift@=\dimen119
\alignsep@=\dimen120
\tagshift@=\dimen121
\tagwidth@=\dimen122
\totwidth@=\dimen123
\lineht@=\dimen124
\@envbody=\toks24
\multlinegap=\skip55
\multlinetaggap=\skip56
\mathdisplay@stack=\toks25
LaTeX Info: Redefining \[ on input line 2844.
LaTeX Info: Redefining \] on input line 2845.
)
("C:\Users\desktop-windows\AppData\Local\Programs\MiKTeX 2.9\tex/latex/amsfonts
\amssymb.sty"
Package: amssymb 2013/01/14 v3.01 AMS font symbols

("C:\Users\desktop-windows\AppData\Local\Programs\MiKTeX 2.9\tex/latex/amsfonts
\amsfonts.sty"
Package: amsfonts 2013/01/14 v3.01 Basic AMSFonts support
\symAMSa=\mathgroup4
\symAMSb=\mathgroup5
LaTeX Font Info:    Overwriting math alphabet `\mathfrak' in version `bold'
(Font)                  U/euf/m/n --> U/euf/b/n on input line 106.
))
("C:\Users\desktop-windows\AppData\Local\Programs\MiKTeX 2.9\tex/latex/hyperref
\hyperref.sty"
Package: hyperref 2019/06/12 v6.88h Hypertext links for LaTeX

("C:\Users\desktop-windows\AppData\Local\Programs\MiKTeX 2.9\tex/generic/oberdi
ek\hobsub-hyperref.sty"
Package: hobsub-hyperref 2016/05/16 v1.14 Bundle oberdiek, subset hyperref (HO)


("C:\Users\desktop-windows\AppData\Local\Programs\MiKTeX 2.9\tex/generic/oberdi
ek\hobsub-generic.sty"
Package: hobsub-generic 2016/05/16 v1.14 Bundle oberdiek, subset generic (HO)
Package: hobsub 2016/05/16 v1.14 Construct package bundles (HO)
Package: infwarerr 2016/05/16 v1.4 Providing info/warning/error messages (HO)
Package: ltxcmds 2016/05/16 v1.23 LaTeX kernel commands for general use (HO)
Package: ifluatex 2016/05/16 v1.4 Provides the ifluatex switch (HO)
Package ifluatex Info: LuaTeX not detected.
Package: ifvtex 2016/05/16 v1.6 Detect VTeX and its facilities (HO)
Package ifvtex Info: VTeX not detected.
Package: intcalc 2016/05/16 v1.2 Expandable calculations with integers (HO)
Package: ifpdf 2018/09/07 v3.3 Provides the ifpdf switch
Package: etexcmds 2016/05/16 v1.6 Avoid name clashes with e-TeX commands (HO)
Package: kvsetkeys 2016/05/16 v1.17 Key value parser (HO)
Package: kvdefinekeys 2016/05/16 v1.4 Define keys (HO)
Package: pdftexcmds 2019/07/25 v0.30 Utility functions of pdfTeX for LuaTeX (HO
)
Package pdftexcmds Info: LuaTeX not detected.
Package pdftexcmds Info: \pdf@primitive is available.
Package pdftexcmds Info: \pdf@ifprimitive is available.
Package pdftexcmds Info: \pdfdraftmode found.
Package: pdfescape 2016/05/16 v1.14 Implements pdfTeX's escape features (HO)
Package: bigintcalc 2016/05/16 v1.4 Expandable calculations on big integers (HO
)
Package: bitset 2016/05/16 v1.2 Handle bit-vector datatype (HO)
Package: uniquecounter 2016/05/16 v1.3 Provide unlimited unique counter (HO)
)
Package hobsub Info: Skipping package `hobsub' (already loaded).
Package: letltxmacro 2016/05/16 v1.5 Let assignment for LaTeX macros (HO)
Package: hopatch 2016/05/16 v1.3 Wrapper for package hooks (HO)
Package: xcolor-patch 2016/05/16 xcolor patch
Package: atveryend 2016/05/16 v1.9 Hooks at the very end of document (HO)
Package atveryend Info: \enddocument detected (standard20110627).
Package: atbegshi 2016/06/09 v1.18 At begin shipout hook (HO)
Package: refcount 2016/05/16 v3.5 Data extraction from label references (HO)
Package: hycolor 2016/05/16 v1.8 Color options for hyperref/bookmark (HO)
)
("C:\Users\desktop-windows\AppData\Local\Programs\MiKTeX 2.9\tex/generic/ifxete
x\ifxetex.sty"
Package: ifxetex 2010/09/12 v0.6 Provides ifxetex conditional
)
("C:\Users\desktop-windows\AppData\Local\Programs\MiKTeX 2.9\tex/latex/oberdiek
\auxhook.sty"
Package: auxhook 2016/05/16 v1.4 Hooks for auxiliary files (HO)
)
("C:\Users\desktop-windows\AppData\Local\Programs\MiKTeX 2.9\tex/latex/oberdiek
\kvoptions.sty"
Package: kvoptions 2016/05/16 v3.12 Key value format for package options (HO)
)
\@linkdim=\dimen125
\Hy@linkcounter=\count103
\Hy@pagecounter=\count104

("C:\Users\desktop-windows\AppData\Local\Programs\MiKTeX 2.9\tex/latex/hyperref
\pd1enc.def"
File: pd1enc.def 2019/06/12 v6.88h Hyperref: PDFDocEncoding definition (HO)
Now handling font encoding PD1 ...
... no UTF-8 mapping file for font encoding PD1
)
\Hy@SavedSpaceFactor=\count105

("C:\Users\desktop-windows\AppData\Local\Programs\MiKTeX 2.9\tex/latex/00miktex
\hyperref.cfg"
File: hyperref.cfg 2002/06/06 v1.2 hyperref configuration of TeXLive
)
Package hyperref Info: Hyper figures OFF on input line 4550.
Package hyperref Info: Link nesting OFF on input line 4555.
Package hyperref Info: Hyper index ON on input line 4558.
Package hyperref Info: Plain pages OFF on input line 4565.
Package hyperref Info: Backreferencing OFF on input line 4570.
Package hyperref Info: Implicit mode ON; LaTeX internals redefined.
Package hyperref Info: Bookmarks ON on input line 4803.
\c@Hy@tempcnt=\count106

("C:\Users\desktop-windows\AppData\Local\Programs\MiKTeX 2.9\tex/latex/url\url.
sty"
\Urlmuskip=\muskip11
Package: url 2013/09/16  ver 3.4  Verb mode for urls, etc.
)
LaTeX Info: Redefining \url on input line 5156.
\XeTeXLinkMargin=\dimen126
\Fld@menulength=\count107
\Field@Width=\dimen127
\Fld@charsize=\dimen128
Package hyperref Info: Hyper figures OFF on input line 6411.
Package hyperref Info: Link nesting OFF on input line 6416.
Package hyperref Info: Hyper index ON on input line 6419.
Package hyperref Info: backreferencing OFF on input line 6426.
Package hyperref Info: Link coloring OFF on input line 6431.
Package hyperref Info: Link coloring with OCG OFF on input line 6436.
Package hyperref Info: PDF/A mode OFF on input line 6441.
LaTeX Info: Redefining \ref on input line 6481.
LaTeX Info: Redefining \pageref on input line 6485.
\Hy@abspage=\count108
\c@Item=\count109
\c@Hfootnote=\count110
)
Package hyperref Info: Driver (autodetected): hpdftex.

("C:\Users\desktop-windows\AppData\Local\Programs\MiKTeX 2.9\tex/latex/hyperref
\hpdftex.def"
File: hpdftex.def 2019/06/12 v6.88h Hyperref driver for pdfTeX
\Fld@listcount=\count111
\c@bookmark@seq@number=\count112

("C:\Users\desktop-windows\AppData\Local\Programs\MiKTeX 2.9\tex/latex/oberdiek
\rerunfilecheck.sty"
Package: rerunfilecheck 2016/05/16 v1.8 Rerun checks for auxiliary files (HO)
Package uniquecounter Info: New unique counter `rerunfilecheck' on input line 2
82.
)
\Hy@SectionHShift=\skip57
)
("C:\Users\desktop-windows\AppData\Local\Programs\MiKTeX 2.9\tex/latex/enumitem
\enumitem.sty"
Package: enumitem 2019/06/20 v3.9 Customized lists
\labelindent=\skip58
\enit@outerparindent=\dimen129
\enit@toks=\toks26
\enit@inbox=\box31
\enit@count@id=\count113
\enitdp@description=\count114
)
("C:\Users\desktop-windows\AppData\Local\Programs\MiKTeX 2.9\tex/latex/cleveref
\cleveref.sty"
Package: cleveref 2018/03/27 v0.21.4 Intelligent cross-referencing
Package cleveref Info: `hyperref' support loaded on input line 2370.
LaTeX Info: Redefining \cref on input line 2370.
LaTeX Info: Redefining \Cref on input line 2370.
LaTeX Info: Redefining \crefrange on input line 2370.
LaTeX Info: Redefining \Crefrange on input line 2370.
LaTeX Info: Redefining \cpageref on input line 2370.
LaTeX Info: Redefining \Cpageref on input line 2370.
LaTeX Info: Redefining \cpagerefrange on input line 2370.
LaTeX Info: Redefining \Cpagerefrange on input line 2370.
LaTeX Info: Redefining \labelcref on input line 2370.
LaTeX Info: Redefining \labelcpageref on input line 2370.
)
("C:\Users\desktop-windows\AppData\Local\Programs\MiKTeX 2.9\tex/latex/caption\
caption.sty"
Package: caption 2019/09/01 v3.3d Customizing captions (AR)

("C:\Users\desktop-windows\AppData\Local\Programs\MiKTeX 2.9\tex/latex/caption\
caption3.sty"
Package: caption3 2019/09/01 v1.8d caption3 kernel (AR)
Package caption3 Info: TeX engine: e-TeX on input line 64.
\captionmargin=\dimen130
\captionmargin@=\dimen131
\captionwidth=\dimen132
\caption@tempdima=\dimen133
\caption@indent=\dimen134
\caption@parindent=\dimen135
\caption@hangindent=\dimen136
)
\c@caption@flags=\count115
\c@ContinuedFloat=\count116
Package caption Info: float package is loaded.
Package caption Info: hyperref package is loaded.
)
("C:\Users\desktop-windows\AppData\Local\Programs\MiKTeX 2.9\tex/latex/siunitx\
siunitx.sty"
("C:\Users\desktop-windows\AppData\Local\Programs\MiKTeX 2.9\tex/latex/l3kernel
\expl3.sty"
Package: expl3 2019-09-08 L3 programming layer (loader) 

("C:\Users\desktop-windows\AppData\Local\Programs\MiKTeX 2.9\tex/latex/l3kernel
\expl3-code.tex"
Package: expl3 2019-09-08 L3 programming layer (code)
\c_max_int=\count117
\l_tmpa_int=\count118
\l_tmpb_int=\count119
\g_tmpa_int=\count120
\g_tmpb_int=\count121
\g__kernel_prg_map_int=\count122
\c__ior_term_noprompt_ior=\count123
\c_log_iow=\count124
\l_iow_line_count_int=\count125
\l__iow_line_target_int=\count126
\l__iow_one_indent_int=\count127
\l__iow_indent_int=\count128
\c_zero_dim=\dimen137
\c_max_dim=\dimen138
\l_tmpa_dim=\dimen139
\l_tmpb_dim=\dimen140
\g_tmpa_dim=\dimen141
\g_tmpb_dim=\dimen142
\c_zero_skip=\skip59
\c_max_skip=\skip60
\l_tmpa_skip=\skip61
\l_tmpb_skip=\skip62
\g_tmpa_skip=\skip63
\g_tmpb_skip=\skip64
\c_zero_muskip=\muskip12
\c_max_muskip=\muskip13
\l_tmpa_muskip=\muskip14
\l_tmpb_muskip=\muskip15
\g_tmpa_muskip=\muskip16
\g_tmpb_muskip=\muskip17
\l_keys_choice_int=\count129
\l__intarray_loop_int=\count130
\c__intarray_sp_dim=\dimen143
\g__intarray_font_int=\count131
\c__fp_leading_shift_int=\count132
\c__fp_middle_shift_int=\count133
\c__fp_trailing_shift_int=\count134
\c__fp_big_leading_shift_int=\count135
\c__fp_big_middle_shift_int=\count136
\c__fp_big_trailing_shift_int=\count137
\c__fp_Bigg_leading_shift_int=\count138
\c__fp_Bigg_middle_shift_int=\count139
\c__fp_Bigg_trailing_shift_int=\count140
\c__kernel_randint_max_int=\count141
\g__fp_array_int=\count142
\l__fp_array_loop_int=\count143
\l__sort_length_int=\count144
\l__sort_min_int=\count145
\l__sort_top_int=\count146
\l__sort_max_int=\count147
\l__sort_true_max_int=\count148
\l__sort_block_int=\count149
\l__sort_begin_int=\count150
\l__sort_end_int=\count151
\l__sort_A_int=\count152
\l__sort_B_int=\count153
\l__sort_C_int=\count154
\l__str_internal_int=\count155
\c__str_replacement_char_int=\count156
\l__tl_analysis_normal_int=\count157
\l__tl_analysis_index_int=\count158
\l__tl_analysis_nesting_int=\count159
\l__tl_analysis_type_int=\count160
\l__regex_internal_a_int=\count161
\l__regex_internal_b_int=\count162
\l__regex_internal_c_int=\count163
\l__regex_balance_int=\count164
\l__regex_group_level_int=\count165
\l__regex_mode_int=\count166
\c__regex_cs_in_class_mode_int=\count167
\c__regex_cs_mode_int=\count168
\l__regex_catcodes_int=\count169
\l__regex_default_catcodes_int=\count170
\c__regex_catcode_D_int=\count171
\c__regex_catcode_S_int=\count172
\c__regex_catcode_L_int=\count173
\c__regex_catcode_O_int=\count174
\c__regex_catcode_A_int=\count175
\c__regex_all_catcodes_int=\count176
\l__regex_show_lines_int=\count177
\l__regex_min_state_int=\count178
\l__regex_max_state_int=\count179
\l__regex_left_state_int=\count180
\l__regex_right_state_int=\count181
\l__regex_capturing_group_int=\count182
\l__regex_min_pos_int=\count183
\l__regex_max_pos_int=\count184
\l__regex_curr_pos_int=\count185
\l__regex_start_pos_int=\count186
\l__regex_success_pos_int=\count187
\l__regex_curr_char_int=\count188
\l__regex_curr_catcode_int=\count189
\l__regex_last_char_int=\count190
\l__regex_case_changed_char_int=\count191
\l__regex_curr_state_int=\count192
\l__regex_step_int=\count193
\l__regex_min_active_int=\count194
\l__regex_max_active_int=\count195
\l__regex_replacement_csnames_int=\count196
\l__regex_match_count_int=\count197
\l__regex_min_submatch_int=\count198
\l__regex_submatch_int=\count199
\l__regex_zeroth_submatch_int=\count266
\g__regex_trace_regex_int=\count267
\c_empty_box=\box32
\l_tmpa_box=\box33
\l_tmpb_box=\box34
\g_tmpa_box=\box35
\g_tmpb_box=\box36
\l__box_top_dim=\dimen144
\l__box_bottom_dim=\dimen145
\l__box_left_dim=\dimen146
\l__box_right_dim=\dimen147
\l__box_top_new_dim=\dimen148
\l__box_bottom_new_dim=\dimen149
\l__box_left_new_dim=\dimen150
\l__box_right_new_dim=\dimen151
\l__box_internal_box=\box37
\l__coffin_internal_box=\box38
\l__coffin_internal_dim=\dimen152
\l__coffin_offset_x_dim=\dimen153
\l__coffin_offset_y_dim=\dimen154
\l__coffin_x_dim=\dimen155
\l__coffin_y_dim=\dimen156
\l__coffin_x_prime_dim=\dimen157
\l__coffin_y_prime_dim=\dimen158
\c_empty_coffin=\box39
\l__coffin_aligned_coffin=\box40
\l__coffin_aligned_internal_coffin=\box41
\l_tmpa_coffin=\box42
\l_tmpb_coffin=\box43
\g_tmpa_coffin=\box44
\g_tmpb_coffin=\box45
\l__coffin_bounding_shift_dim=\dimen159
\l__coffin_left_corner_dim=\dimen160
\l__coffin_right_corner_dim=\dimen161
\l__coffin_bottom_corner_dim=\dimen162
\l__coffin_top_corner_dim=\dimen163
\l__coffin_scaled_total_height_dim=\dimen164
\l__coffin_scaled_width_dim=\dimen165
\c__coffin_empty_coffin=\box46
\l__coffin_display_coffin=\box47
\l__coffin_display_coord_coffin=\box48
\l__coffin_display_pole_coffin=\box49
\l__coffin_display_offset_dim=\dimen166
\l__coffin_display_x_dim=\dimen167
\l__coffin_display_y_dim=\dimen168
\g__char_data_ior=\read2
\l__seq_internal_a_int=\count268
\l__seq_internal_b_int=\count269
)
("C:\Users\desktop-windows\AppData\Local\Programs\MiKTeX 2.9\tex/latex/l3backen
d\l3backend-pdfmode.def"
File: l3backend-pdfmode.def 2019-04-06 v L3 backend support: PDF mode
\l__kernel_color_stack_int=\count270
\l__pdf_internal_box=\box50
))
("C:\Users\desktop-windows\AppData\Local\Programs\MiKTeX 2.9\tex/latex/l3packag
es/xparse\xparse.sty"
Package: xparse 2019-05-28 L3 Experimental document command parser
\l__xparse_current_arg_int=\count271
\g__xparse_grabber_int=\count272
\l__xparse_m_args_int=\count273
\l__xparse_v_nesting_int=\count274
)
Package: siunitx 2018/05/17 v2.7s A comprehensive (SI) units package

("C:\Users\desktop-windows\AppData\Local\Programs\MiKTeX 2.9\tex/latex/tools\ar
ray.sty"
Package: array 2018/12/30 v2.4k Tabular extension package (FMi)
\col@sep=\dimen169
\ar@mcellbox=\box51
\extrarowheight=\dimen170
\NC@list=\toks27
\extratabsurround=\skip65
\backup@length=\skip66
\ar@cellbox=\box52
)
("C:\Users\desktop-windows\AppData\Local\Programs\MiKTeX 2.9\tex/latex/l3packag
es/l3keys2e\l3keys2e.sty"
Package: l3keys2e 2019-05-28 LaTeX2e option processing using LaTeX3 keys
)
\l__siunitx_tmp_box=\box53
\l__siunitx_tmp_dim=\dimen171
\l__siunitx_tmp_int=\count275
\l__siunitx_number_mantissa_length_int=\count276
\l__siunitx_number_uncert_length_int=\count277
\l__siunitx_round_int=\count278
\l__siunitx_process_decimal_int=\count279
\l__siunitx_process_uncertainty_int=\count280
\l__siunitx_process_fixed_int=\count281
\l__siunitx_process_integer_min_int=\count282
\l__siunitx_process_precision_int=\count283
\l__siunitx_group_min_int=\count284
\l__siunitx_angle_marker_box=\box54
\l__siunitx_angle_unit_box=\box55
\l__siunitx_angle_marker_dim=\dimen172
\l__siunitx_angle_unit_dim=\dimen173
\l__siunitx_unit_int=\count285
\l__siunitx_unit_denominator_int=\count286
\l__siunitx_unit_numerator_int=\count287
\l__siunitx_unit_prefix_int=\count288
\l__siunitx_unit_prefix_base_int=\count289
\l__siunitx_unit_prefix_gram_int=\count290
\l__siunitx_number_product_int=\count291
\c__siunitx_one_fill_skip=\skip67
\l__siunitx_table_unit_align_skip=\skip68
\l__siunitx_table_exponent_dim=\dimen174
\l__siunitx_table_integer_dim=\dimen175
\l__siunitx_table_mantissa_dim=\dimen176
\l__siunitx_table_marker_dim=\dimen177
\l__siunitx_table_result_dim=\dimen178
\l__siunitx_table_uncert_dim=\dimen179
\l__siunitx_table_fill_pre_dim=\dimen180
\l__siunitx_table_fill_post_dim=\dimen181
\l__siunitx_table_fill_mid_dim=\dimen182
\l__siunitx_table_pre_box=\box56
\l__siunitx_table_post_box=\box57
\l__siunitx_table_mantissa_box=\box58
\l__siunitx_table_result_box=\box59
\l__siunitx_table_number_align_skip=\skip69
\l__siunitx_table_text_align_skip=\skip70

("C:\Users\desktop-windows\AppData\Local\Programs\MiKTeX 2.9\tex/latex/translat
or\translator.sty"
Package: translator 2019-05-31 v1.12a Easy translation of strings in LaTeX
))
("C:\Users\desktop-windows\AppData\Local\Programs\MiKTeX 2.9\tex/latex/booktabs
\booktabs.sty"
Package: booktabs 2005/04/14 v1.61803 publication quality tables
\heavyrulewidth=\dimen183
\lightrulewidth=\dimen184
\cmidrulewidth=\dimen185
\belowrulesep=\dimen186
\belowbottomsep=\dimen187
\aboverulesep=\dimen188
\abovetopsep=\dimen189
\cmidrulesep=\dimen190
\cmidrulekern=\dimen191
\defaultaddspace=\dimen192
\@cmidla=\count292
\@cmidlb=\count293
\@aboverulesep=\dimen193
\@belowrulesep=\dimen194
\@thisruleclass=\count294
\@lastruleclass=\count295
\@thisrulewidth=\dimen195
)
("C:\Users\desktop-windows\AppData\Local\Programs\MiKTeX 2.9\tex/latex/threepar
ttable\threeparttable.sty"
Package: threeparttable 2003/06/13  v 3.0
\@tempboxb=\box60
)
("C:\Users\desktop-windows\AppData\Local\Programs\MiKTeX 2.9\tex/latex/makecell
\makecell.sty"
Package: makecell 2009/08/03 V0.1e Managing of Tab Column Heads and Cells
\rotheadsize=\dimen196
\c@nlinenum=\count296
\TeXr@lab=\toks28
)
("C:\Users\desktop-windows\AppData\Local\Programs\MiKTeX 2.9\tex/latex/listings
\listings.sty"
\lst@mode=\count297
\lst@gtempboxa=\box61
\lst@token=\toks29
\lst@length=\count298
\lst@currlwidth=\dimen197
\lst@column=\count299
\lst@pos=\count300
\lst@lostspace=\dimen198
\lst@width=\dimen199
\lst@newlines=\count301
\lst@lineno=\count302
\lst@maxwidth=\dimen256

("C:\Users\desktop-windows\AppData\Local\Programs\MiKTeX 2.9\tex/latex/listings
\lstmisc.sty"
File: lstmisc.sty 2019/09/10 1.8c (Carsten Heinz)
\c@lstnumber=\count303
\lst@skipnumbers=\count304
\lst@framebox=\box62
)
("C:\Users\desktop-windows\AppData\Local\Programs\MiKTeX 2.9\tex/latex/listings
\listings.cfg"
File: listings.cfg 2019/09/10 1.8c listings configuration
))
Package: listings 2019/09/10 1.8c (Carsten Heinz)

("C:\Users\desktop-windows\AppData\Local\Programs\MiKTeX 2.9\tex/latex/titlesec
\titletoc.sty"
Package: titletoc 2019/09/09 v2.12 TOC entries
\ttl@leftsep=\dimen257
)
("C:\Users\desktop-windows\AppData\Local\Programs\MiKTeX 2.9\tex/latex/titlesec
\titlesec.sty"
Package: titlesec 2019/09/09 v2.12 Sectioning titles
\ttl@box=\box63
\beforetitleunit=\skip71
\aftertitleunit=\skip72
\ttl@plus=\dimen258
\ttl@minus=\dimen259
\ttl@toksa=\toks30
\titlewidth=\dimen260
\titlewidthlast=\dimen261
\titlewidthfirst=\dimen262
)
("C:\Users\desktop-windows\AppData\Local\Programs\MiKTeX 2.9\tex/latex/mathtool
s\mathtools.sty"
Package: mathtools 2019/07/31 v1.22 mathematical typesetting tools

("C:\Users\desktop-windows\AppData\Local\Programs\MiKTeX 2.9\tex/latex/tools\ca
lc.sty"
Package: calc 2017/05/25 v4.3 Infix arithmetic (KKT,FJ)
\calc@Acount=\count305
\calc@Bcount=\count306
\calc@Adimen=\dimen263
\calc@Bdimen=\dimen264
\calc@Askip=\skip73
\calc@Bskip=\skip74
LaTeX Info: Redefining \setlength on input line 80.
LaTeX Info: Redefining \addtolength on input line 81.
\calc@Ccount=\count307
\calc@Cskip=\skip75
)
("C:\Users\desktop-windows\AppData\Local\Programs\MiKTeX 2.9\tex/latex/mathtool
s\mhsetup.sty"
Package: mhsetup 2017/03/31 v1.3 programming setup (MH)
)
LaTeX Info: Thecontrolsequence`\('isalreadyrobust on input line 129.
LaTeX Info: Thecontrolsequence`\)'isalreadyrobust on input line 129.
LaTeX Info: Thecontrolsequence`\['isalreadyrobust on input line 129.
LaTeX Info: Thecontrolsequence`\]'isalreadyrobust on input line 129.
\g_MT_multlinerow_int=\count308
\l_MT_multwidth_dim=\dimen265
\origjot=\skip76
\l_MT_shortvdotswithinadjustabove_dim=\dimen266
\l_MT_shortvdotswithinadjustbelow_dim=\dimen267
\l_MT_above_intertext_sep=\dimen268
\l_MT_below_intertext_sep=\dimen269
\l_MT_above_shortintertext_sep=\dimen270
\l_MT_below_shortintertext_sep=\dimen271
)
("C:\Users\desktop-windows\AppData\Local\Programs\MiKTeX 2.9\tex/latex/lm\lmode
rn.sty"
Package: lmodern 2009/10/30 v1.6 Latin Modern Fonts
LaTeX Font Info:    Overwriting symbol font `operators' in version `normal'
(Font)                  OT1/cmr/m/n --> OT1/lmr/m/n on input line 22.
LaTeX Font Info:    Overwriting symbol font `letters' in version `normal'
(Font)                  OML/cmm/m/it --> OML/lmm/m/it on input line 23.
LaTeX Font Info:    Overwriting symbol font `symbols' in version `normal'
(Font)                  OMS/cmsy/m/n --> OMS/lmsy/m/n on input line 24.
LaTeX Font Info:    Overwriting symbol font `largesymbols' in version `normal'
(Font)                  OMX/cmex/m/n --> OMX/lmex/m/n on input line 25.
LaTeX Font Info:    Overwriting symbol font `operators' in version `bold'
(Font)                  OT1/cmr/bx/n --> OT1/lmr/bx/n on input line 26.
LaTeX Font Info:    Overwriting symbol font `letters' in version `bold'
(Font)                  OML/cmm/b/it --> OML/lmm/b/it on input line 27.
LaTeX Font Info:    Overwriting symbol font `symbols' in version `bold'
(Font)                  OMS/cmsy/b/n --> OMS/lmsy/b/n on input line 28.
LaTeX Font Info:    Overwriting symbol font `largesymbols' in version `bold'
(Font)                  OMX/cmex/m/n --> OMX/lmex/m/n on input line 29.
LaTeX Font Info:    Overwriting math alphabet `\mathbf' in version `normal'
(Font)                  OT1/cmr/bx/n --> OT1/lmr/bx/n on input line 31.
LaTeX Font Info:    Overwriting math alphabet `\mathsf' in version `normal'
(Font)                  OT1/cmss/m/n --> OT1/lmss/m/n on input line 32.
LaTeX Font Info:    Overwriting math alphabet `\mathit' in version `normal'
(Font)                  OT1/cmr/m/it --> OT1/lmr/m/it on input line 33.
LaTeX Font Info:    Overwriting math alphabet `\mathtt' in version `normal'
(Font)                  OT1/cmtt/m/n --> OT1/lmtt/m/n on input line 34.
LaTeX Font Info:    Overwriting math alphabet `\mathbf' in version `bold'
(Font)                  OT1/cmr/bx/n --> OT1/lmr/bx/n on input line 35.
LaTeX Font Info:    Overwriting math alphabet `\mathsf' in version `bold'
(Font)                  OT1/cmss/bx/n --> OT1/lmss/bx/n on input line 36.
LaTeX Font Info:    Overwriting math alphabet `\mathit' in version `bold'
(Font)                  OT1/cmr/bx/it --> OT1/lmr/bx/it on input line 37.
LaTeX Font Info:    Overwriting math alphabet `\mathtt' in version `bold'
(Font)                  OT1/cmtt/m/n --> OT1/lmtt/m/n on input line 38.
)
("C:\Users\desktop-windows\AppData\Local\Programs\MiKTeX 2.9\tex/latex/xcolor\x
color.sty"
Package: xcolor 2016/05/11 v2.12 LaTeX color extensions (UK)

("C:\Users\desktop-windows\AppData\Local\Programs\MiKTeX 2.9\tex/latex/graphics
-cfg\color.cfg"
File: color.cfg 2016/01/02 v1.6 sample color configuration
)
Package xcolor Info: Driver file: pdftex.def on input line 225.
Package xcolor Info: Model `cmy' substituted by `cmy0' on input line 1348.
Package xcolor Info: Model `hsb' substituted by `rgb' on input line 1352.
Package xcolor Info: Model `RGB' extended on input line 1364.
Package xcolor Info: Model `HTML' substituted by `rgb' on input line 1366.
Package xcolor Info: Model `Hsb' substituted by `hsb' on input line 1367.
Package xcolor Info: Model `tHsb' substituted by `hsb' on input line 1368.
Package xcolor Info: Model `HSB' substituted by `hsb' on input line 1369.
Package xcolor Info: Model `Gray' substituted by `gray' on input line 1370.
Package xcolor Info: Model `wave' substituted by `hsb' on input line 1371.
)
("C:\Users\desktop-windows\AppData\Local\Programs\MiKTeX 2.9\tex/latex/subfig\s
ubfig.sty"
Package: subfig 2005/06/28 ver: 1.3 subfig package
\c@KVtest=\count309
\sf@farskip=\skip77
\sf@captopadj=\dimen272
\sf@capskip=\skip78
\sf@nearskip=\skip79
\c@subfigure=\count310
\c@subfigure@save=\count311
\c@lofdepth=\count312
\c@subtable=\count313
\c@subtable@save=\count314
\c@lotdepth=\count315
\sf@top=\skip80
\sf@bottom=\skip81
)
("C:\Users\desktop-windows\AppData\Local\Programs\MiKTeX 2.9\tex/latex/tocvsec2
\tocvsec2.sty"
Package: tocvsec2 2014/03/10 v1.3a variable ToC section entries

("C:\Users\desktop-windows\AppData\Local\Programs\MiKTeX 2.9\tex/latex/base\ift
hen.sty"
Package: ifthen 2014/09/29 v1.1c Standard LaTeX ifthen package (DPC)
)
\c@max@tocdepth=\count316
\c@max@secnumdepth=\count317
)
("C:\Users\desktop-windows\AppData\Local\Programs\MiKTeX 2.9\tex/latex/environ\
environ.sty"
Package: environ 2014/05/04 v0.3 A new way to define environments

("C:\Users\desktop-windows\AppData\Local\Programs\MiKTeX 2.9\tex/latex/trimspac
es\trimspaces.sty"
Package: trimspaces 2009/09/17 v1.1 Trim spaces around a token list
))
\@float@every@table=\toks31
Package hyperref Info: Option `colorlinks' set `true' on input line 138.


LaTeX Warning: Unused global option(s):
    [openany,sumario=tradicional].

(monografia.aux (00_pretextual/Capa.aux) (00_pretextual/FolhaDeRosto.aux)
(00_pretextual/Fichacatalog.aux) (00_pretextual/FolhaDeAprovacao.aux)
(00_pretextual/Dedicatoria.aux) (00_pretextual/Agradecimento.aux)
(00_pretextual/Resumo.aux) (00_pretextual/Abstract.aux)
(01_introducao/introducao.aux) (02_desenvolvimento/01_Pg_Tex.aux)
(02_desenvolvimento/02_PInv_Tex.aux) (02_desenvolvimento/03_Deap_Tex.aux)
(02_desenvolvimento/04_EC_Tex.aux) (03_conclusao/conclusao.aux)
(03_conclusao/apendice.aux))
\openout1 = `monografia.aux'.

LaTeX Font Info:    Checking defaults for OML/cmm/m/it on input line 150.
LaTeX Font Info:    ... okay on input line 150.
LaTeX Font Info:    Checking defaults for T1/cmr/m/n on input line 150.
LaTeX Font Info:    ... okay on input line 150.
LaTeX Font Info:    Checking defaults for OT1/cmr/m/n on input line 150.
LaTeX Font Info:    ... okay on input line 150.
LaTeX Font Info:    Checking defaults for OMS/cmsy/m/n on input line 150.
LaTeX Font Info:    ... okay on input line 150.
LaTeX Font Info:    Checking defaults for OMX/cmex/m/n on input line 150.
LaTeX Font Info:    ... okay on input line 150.
LaTeX Font Info:    Checking defaults for U/cmr/m/n on input line 150.
LaTeX Font Info:    ... okay on input line 150.
LaTeX Font Info:    Checking defaults for PD1/pdf/m/n on input line 150.
LaTeX Font Info:    ... okay on input line 150.
LaTeX Font Info:    Try loading font information for OT1+lmr on input line 150.


("C:\Users\desktop-windows\AppData\Local\Programs\MiKTeX 2.9\tex/latex/lm\ot1lm
r.fd"
File: ot1lmr.fd 2009/10/30 v1.6 Font defs for Latin Modern
)
("C:\Users\desktop-windows\AppData\Local\Programs\MiKTeX 2.9\tex/context/base/m
kii\supp-pdf.mkii"
[Loading MPS to PDF converter (version 2006.09.02).]
\scratchcounter=\count318
\scratchdimen=\dimen273
\scratchbox=\box64
\nofMPsegments=\count319
\nofMParguments=\count320
\everyMPshowfont=\toks32
\MPscratchCnt=\count321
\MPscratchDim=\dimen274
\MPnumerator=\count322
\makeMPintoPDFobject=\count323
\everyMPtoPDFconversion=\toks33
)
("C:\Users\desktop-windows\AppData\Local\Programs\MiKTeX 2.9\tex/latex/oberdiek
\epstopdf-base.sty"
Package: epstopdf-base 2016/05/15 v2.6 Base part for package epstopdf

("C:\Users\desktop-windows\AppData\Local\Programs\MiKTeX 2.9\tex/latex/oberdiek
\grfext.sty"
Package: grfext 2016/05/16 v1.2 Manage graphics extensions (HO)
)
Package epstopdf-base Info: Redefining graphics rule for `.eps' on input line 4
38.
Package grfext Info: Graphics extension search list:
(grfext)             [.pdf,.png,.jpg,.mps,.jpeg,.jbig2,.jb2,.PDF,.PNG,.JPG,.JPE
G,.JBIG2,.JB2,.eps]
(grfext)             \AppendGraphicsExtensions on input line 456.
)
\AtBeginShipoutBox=\box65
Package hyperref Info: Link coloring ON on input line 150.

("C:\Users\desktop-windows\AppData\Local\Programs\MiKTeX 2.9\tex/latex/hyperref
\nameref.sty"
Package: nameref 2016/05/21 v2.44 Cross-referencing by name of section

("C:\Users\desktop-windows\AppData\Local\Programs\MiKTeX 2.9\tex/generic/oberdi
ek\gettitlestring.sty"
Package: gettitlestring 2016/05/16 v1.5 Cleanup title references (HO)
)
\c@section@level=\count324
)
LaTeX Info: Redefining \ref on input line 150.
LaTeX Info: Redefining \pageref on input line 150.
LaTeX Info: Redefining \nameref on input line 150.
 (monografia.out) (monografia.out)
\@outlinefile=\write3
\openout3 = `monografia.out'.

Package caption Info: Begin \AtBeginDocument code.
Package caption Info: subfig package v1.3 is loaded.
Package caption Info: listings package is loaded.
Package caption Info: threeparttable package is loaded.
Package caption Info: End \AtBeginDocument code.
Now handling font encoding TS1 ...
... processing UTF-8 mapping file for font encoding TS1

("C:\Users\desktop-windows\AppData\Local\Programs\MiKTeX 2.9\tex/latex/base\ts1
enc.dfu"
File: ts1enc.dfu 2018/10/05 v1.2f UTF-8 support for inputenc
   defining Unicode char U+00A2 (decimal 162)
   defining Unicode char U+00A3 (decimal 163)
   defining Unicode char U+00A4 (decimal 164)
   defining Unicode char U+00A5 (decimal 165)
   defining Unicode char U+00A6 (decimal 166)
   defining Unicode char U+00A7 (decimal 167)
   defining Unicode char U+00A8 (decimal 168)
   defining Unicode char U+00A9 (decimal 169)
   defining Unicode char U+00AA (decimal 170)
   defining Unicode char U+00AC (decimal 172)
   defining Unicode char U+00AE (decimal 174)
   defining Unicode char U+00AF (decimal 175)
   defining Unicode char U+00B0 (decimal 176)
   defining Unicode char U+00B1 (decimal 177)
   defining Unicode char U+00B2 (decimal 178)
   defining Unicode char U+00B3 (decimal 179)
   defining Unicode char U+00B4 (decimal 180)
   defining Unicode char U+00B5 (decimal 181)
   defining Unicode char U+00B6 (decimal 182)
   defining Unicode char U+00B7 (decimal 183)
   defining Unicode char U+00B9 (decimal 185)
   defining Unicode char U+00BA (decimal 186)
   defining Unicode char U+00BC (decimal 188)
   defining Unicode char U+00BD (decimal 189)
   defining Unicode char U+00BE (decimal 190)
   defining Unicode char U+00D7 (decimal 215)
   defining Unicode char U+00F7 (decimal 247)
   defining Unicode char U+0192 (decimal 402)
   defining Unicode char U+02C7 (decimal 711)
   defining Unicode char U+02D8 (decimal 728)
   defining Unicode char U+02DD (decimal 733)
   defining Unicode char U+0E3F (decimal 3647)
   defining Unicode char U+2016 (decimal 8214)
   defining Unicode char U+2020 (decimal 8224)
   defining Unicode char U+2021 (decimal 8225)
   defining Unicode char U+2022 (decimal 8226)
   defining Unicode char U+2030 (decimal 8240)
   defining Unicode char U+2031 (decimal 8241)
   defining Unicode char U+203B (decimal 8251)
   defining Unicode char U+203D (decimal 8253)
   defining Unicode char U+2044 (decimal 8260)
   defining Unicode char U+204E (decimal 8270)
   defining Unicode char U+2052 (decimal 8274)
   defining Unicode char U+20A1 (decimal 8353)
   defining Unicode char U+20A4 (decimal 8356)
   defining Unicode char U+20A6 (decimal 8358)
   defining Unicode char U+20A9 (decimal 8361)
   defining Unicode char U+20AB (decimal 8363)
   defining Unicode char U+20AC (decimal 8364)
   defining Unicode char U+20B1 (decimal 8369)
   defining Unicode char U+2103 (decimal 8451)
   defining Unicode char U+2116 (decimal 8470)
   defining Unicode char U+2117 (decimal 8471)
   defining Unicode char U+211E (decimal 8478)
   defining Unicode char U+2120 (decimal 8480)
   defining Unicode char U+2122 (decimal 8482)
   defining Unicode char U+2126 (decimal 8486)
   defining Unicode char U+2127 (decimal 8487)
   defining Unicode char U+212E (decimal 8494)
   defining Unicode char U+2190 (decimal 8592)
   defining Unicode char U+2191 (decimal 8593)
   defining Unicode char U+2192 (decimal 8594)
   defining Unicode char U+2193 (decimal 8595)
   defining Unicode char U+2329 (decimal 9001)
   defining Unicode char U+232A (decimal 9002)
   defining Unicode char U+2422 (decimal 9250)
   defining Unicode char U+25E6 (decimal 9702)
   defining Unicode char U+25EF (decimal 9711)
   defining Unicode char U+266A (decimal 9834)
   defining Unicode char U+FEFF (decimal 65279)
)
("C:\Users\desktop-windows\AppData\Local\Programs\MiKTeX 2.9\tex/latex/translat
or\translator-basic-dictionary-English.dict"
Dictionary: translator-basic-dictionary, Language: English 
)
("C:\Users\desktop-windows\AppData\Local\Programs\MiKTeX 2.9\tex/latex/siunitx\
siunitx-abbreviations.cfg"
File: siunitx-abbreviations.cfg 2017/11/26 v2.7k siunitx: Abbreviated units
)
\c@lstlisting=\count325
LaTeX Font Info:    Try loading font information for OML+lmm on input line 150.


("C:\Users\desktop-windows\AppData\Local\Programs\MiKTeX 2.9\tex/latex/lm\omllm
m.fd"
File: omllmm.fd 2009/10/30 v1.6 Font defs for Latin Modern
)
LaTeX Font Info:    Try loading font information for OMS+lmsy on input line 150
.

("C:\Users\desktop-windows\AppData\Local\Programs\MiKTeX 2.9\tex/latex/lm\omslm
sy.fd"
File: omslmsy.fd 2009/10/30 v1.6 Font defs for Latin Modern
)
LaTeX Font Info:    Try loading font information for OMX+lmex on input line 150
.

("C:\Users\desktop-windows\AppData\Local\Programs\MiKTeX 2.9\tex/latex/lm\omxlm
ex.fd"
File: omxlmex.fd 2009/10/30 v1.6 Font defs for Latin Modern
)
LaTeX Font Info:    External font `lmex10' loaded for size
(Font)              <12> on input line 150.
LaTeX Font Info:    External font `lmex10' loaded for size
(Font)              <8> on input line 150.
LaTeX Font Info:    External font `lmex10' loaded for size
(Font)              <6> on input line 150.
LaTeX Font Info:    Try loading font information for U+msa on input line 150.

("C:\Users\desktop-windows\AppData\Local\Programs\MiKTeX 2.9\tex/latex/amsfonts
\umsa.fd"
File: umsa.fd 2013/01/14 v3.01 AMS symbols A
)
LaTeX Font Info:    Try loading font information for U+msb on input line 150.

("C:\Users\desktop-windows\AppData\Local\Programs\MiKTeX 2.9\tex/latex/amsfonts
\umsb.fd"
File: umsb.fd 2013/01/14 v3.01 AMS symbols B
)
LaTeX Font Info:    Try loading font information for OT1+lmss on input line 150
.

("C:\Users\desktop-windows\AppData\Local\Programs\MiKTeX 2.9\tex/latex/lm\ot1lm
ss.fd"
File: ot1lmss.fd 2009/10/30 v1.6 Font defs for Latin Modern
)
LaTeX Font Info:    Try loading font information for OT1+lmtt on input line 150
.

("C:\Users\desktop-windows\AppData\Local\Programs\MiKTeX 2.9\tex/latex/lm\ot1lm
tt.fd"
File: ot1lmtt.fd 2009/10/30 v1.6 Font defs for Latin Modern
)
\openout2 = `00_pretextual/Capa.aux'.

 (00_pretextual/Capa.tex
<00_pretextual/figuras/logo_uerj_pb.png, id=129, 325.215pt x 313.9228pt>
File: 00_pretextual/figuras/logo_uerj_pb.png Graphic file (type png)
<use 00_pretextual/figuras/logo_uerj_pb.png>
Package pdftex.def Info: 00_pretextual/figuras/logo_uerj_pb.png  used on input 
line 8.
(pdftex.def)             Requested size: 97.87787pt x 90.19221pt.
 [1


{C:/Users/desktop-windows/AppData/Local/MiKTeX/2.9/pdftex/config/pdftex.map} <.
/00_pretextual/figuras/logo_uerj_pb.png>])
\openout2 = `00_pretextual/FolhaDeRosto.aux'.


(00_pretextual/FolhaDeRosto.tex
<00_pretextual/figuras/logo_uerj_gnd_pb.png, id=139, 914.66719pt x 1006.51031pt
>
File: 00_pretextual/figuras/logo_uerj_gnd_pb.png Graphic file (type png)
<use 00_pretextual/figuras/logo_uerj_gnd_pb.png>
Package pdftex.def Info: 00_pretextual/figuras/logo_uerj_gnd_pb.png  used on in
put line 14.
(pdftex.def)             Requested size: 298.18445pt x 307.28468pt.

Underfull \hbox (badness 4072) in paragraph at lines 22--22
[]\OT1/lmr/m/n/12 Dissertac~ao apre-sen-tada, como re-qui-sito
 []

)pdfTeX warning (ext4): destination with the same identifier (name{page.1}) has
 been already used, duplicate ignored
<to be read again> 
                   \relax 
l.154 ...mpty}\include{00_pretextual/FolhaDeRosto}
                                                   [1


 <./00_pretextual/figuras/logo_uerj_gnd_pb.png>]
\openout2 = `00_pretextual/Fichacatalog.aux'.

 (00_pretextual/Fichacatalog.tex
Overfull \hbox (9.92657pt too wide) in paragraph at lines 20--21
[]\OT1/lmr/m/n/12 S237 
 []


Overfull \hbox (3.5399pt too wide) in paragraph at lines 46--54
[] 
 []

pdfTeX warning (ext4): destination with the same identifier (name{page.1}) has 
been already used, duplicate ignored
<to be read again> 
                   \relax 
l.54 \end{titlepage}
                     [1


])
\openout2 = `00_pretextual/FolhaDeAprovacao.aux'.

 (00_pretextual/FolhaDeAprovacao.tex
Underfull \hbox (badness 4072) in paragraph at lines 17--17
[]\OT1/lmr/m/n/12 Dissertac~ao apre-sen-tada, como re-qui-sito
 []


Underfull \hbox (badness 10000) in paragraph at lines 86--86

 []


Underfull \hbox (badness 10000) in paragraph at lines 86--86

 []


Underfull \hbox (badness 10000) in paragraph at lines 86--86

 []


Underfull \hbox (badness 10000) in paragraph at lines 86--86

 []


Underfull \hbox (badness 10000) in paragraph at lines 86--86

 []

) [2


]
\openout2 = `00_pretextual/Dedicatoria.aux'.

 (00_pretextual/Dedicatoria.tex
Underfull \hbox (badness 10000) in paragraph at lines 5--6

 []

) [3


]
\openout2 = `00_pretextual/Agradecimento.aux'.

 (00_pretextual/Agradecimento.tex
Underfull \hbox (badness 10000) in paragraph at lines 5--6

 []

) [4


]
\openout2 = `00_pretextual/Resumo.aux'.

 (00_pretextual/Resumo.tex
Underfull \hbox (badness 10000) in paragraph at lines 10--11

 []

) [5


]
\openout2 = `00_pretextual/Abstract.aux'.

 (00_pretextual/Abstract.tex
Underfull \hbox (badness 10000) in paragraph at lines 5--6

 []

) [6


] (monografia.lof [7


] [8]
Overfull \hbox (8.96562pt too wide) in paragraph at lines 61--61
 []|| [][][]\OT1/lmr/m/n/12 Comprimento medio dos in-divduos da po-pulac~ao
 ao longo das gerac~oes.[][]| 
 []


Overfull \hbox (11.57681pt too wide) in paragraph at lines 62--62
 []|| [][][]\OT1/lmr/m/n/12 Complexidade media dos in-divduos da po-pulac~a
o ao longo das gerac~oes.[][]| 
 []

[9])
\tf@lof=\write4
\openout4 = `monografia.lof'.

 [10] (monografia.lot)
\tf@lot=\write5
\openout5 = `monografia.lot'.

 [11

] (monografia.toc [12

])
\tf@toc=\write6
\openout6 = `monografia.toc'.



Package hyperref Warning: Token not allowed in a PDF string (PDFDocEncoding):
(hyperref)                removing `math shift' on input line 169.


Package hyperref Warning: Token not allowed in a PDF string (PDFDocEncoding):
(hyperref)                removing `\@@underline' on input line 169.


Package hyperref Warning: Token not allowed in a PDF string (PDFDocEncoding):
(hyperref)                removing `\hbox' on input line 169.


Package hyperref Warning: Token not allowed in a PDF string (PDFDocEncoding):
(hyperref)                removing `\mathsurround' on input line 169.


Package hyperref Warning: Token not allowed in a PDF string (PDFDocEncoding):
(hyperref)                removing `\z@' on input line 169.


Package hyperref Warning: Token not allowed in a PDF string (PDFDocEncoding):
(hyperref)                removing `math shift' on input line 169.

[13]
\openout2 = `01_introducao/introducao.aux'.

 (01_introducao/introducao.tex
Underfull \hbox (badness 10000) in paragraph at lines 1--3

 []

[14

] [15]
<01_introducao/rep_ga.pdf, id=654, 131.53139pt x 24.09pt>
File: 01_introducao/rep_ga.pdf Graphic file (type pdf)
<use 01_introducao/rep_ga.pdf>
Package pdftex.def Info: 01_introducao/rep_ga.pdf  used on input line 61.
(pdftex.def)             Requested size: 159.3382pt x 29.18608pt.


LaTeX Warning: `!h' float specifier changed to `!ht'.

[16]
<01_introducao/rep_gp.pdf, id=664, 131.53139pt x 93.4692pt>
File: 01_introducao/rep_gp.pdf Graphic file (type pdf)
<use 01_introducao/rep_gp.pdf>
Package pdftex.def Info: 01_introducao/rep_gp.pdf  used on input line 73.
(pdftex.def)             Requested size: 182.09485pt x 129.41548pt.


LaTeX Warning: Reference `fig:rep_gp' on page 17 undefined on input line 78.


LaTeX Warning: Reference `fig:pend_inv' on page 17 undefined on input line 80.

<01_introducao/pend_inv.png, id=665, 72.27pt x 79.497pt>
File: 01_introducao/pend_inv.png Graphic file (type png)
<use 01_introducao/pend_inv.png>
Package pdftex.def Info: 01_introducao/pend_inv.png  used on input line 84.
(pdftex.def)             Requested size: 182.09485pt x 200.31528pt.
LaTeX Font Info:    External font `lmex10' loaded for size
(Font)              <10> on input line 85.
LaTeX Font Info:    External font `lmex10' loaded for size
(Font)              <7> on input line 85.
LaTeX Font Info:    External font `lmex10' loaded for size
(Font)              <5> on input line 85.

LaTeX Warning: `!h' float specifier changed to `!ht'.

<01_introducao/gym_ex.pdf, id=670, 218.7372pt x 86.2422pt>
File: 01_introducao/gym_ex.pdf Graphic file (type pdf)
<use 01_introducao/gym_ex.pdf>
Package pdftex.def Info: 01_introducao/gym_ex.pdf  used on input line 95.
(pdftex.def)             Requested size: 227.62204pt x 89.74503pt.
[17 <./01_introducao/rep_ga.pdf

pdfTeX warning: pdflatex.exe (file ./01_introducao/rep_ga.pdf): PDF inclusion: 
invalid other resource which is no dict (key 'ProcSets', type <array>); ignored
.
> <./01_introducao/rep_gp.pdf

pdfTeX warning: pdflatex.exe (file ./01_introducao/rep_gp.pdf): PDF inclusion: 
invalid other resource which is no dict (key 'ProcSets', type <array>); ignored
.
>]

LaTeX Warning: Reference `fig:rep_gp' on page 18 undefined on input line 104.

[18 <./01_introducao/pend_inv.png> <./01_introducao/gym_ex.pdf

pdfTeX warning: pdflatex.exe (file ./01_introducao/gym_ex.pdf): PDF inclusion: 
invalid other resource which is no dict (key 'ProcSets', type <array>); ignored
.
>]) [19]
\openout2 = `02_desenvolvimento/01_Pg_Tex.aux'.

 (02_desenvolvimento/01_Pg_Tex.tex
<02_desenvolvimento/01_Pg_Fig_ExCicloSimples.png, id=717, 3815.25375pt x 4536.9
5pt>
File: 02_desenvolvimento/01_Pg_Fig_ExCicloSimples.png Graphic file (type png)
<use 02_desenvolvimento/01_Pg_Fig_ExCicloSimples.png>
Package pdftex.def Info: 02_desenvolvimento/01_Pg_Fig_ExCicloSimples.png  used 
on input line 11.
(pdftex.def)             Requested size: 182.09485pt x 216.47656pt.
<02_desenvolvimento/01_Pg_Fig_ExRepresentacao.png, id=720, 3027.31pt x 3563.312
5pt>
File: 02_desenvolvimento/01_Pg_Fig_ExRepresentacao.png Graphic file (type png)
<use 02_desenvolvimento/01_Pg_Fig_ExRepresentacao.png>
Package pdftex.def Info: 02_desenvolvimento/01_Pg_Fig_ExRepresentacao.png  used
 on input line 21.
(pdftex.def)             Requested size: 182.09485pt x 214.33324pt.
 [20


 <./02_desenvolvimento/01_Pg_Fig_ExCicloSimples.png>] [21 <./02_desenvolvimento
/01_Pg_Fig_ExRepresentacao.png>]
<02_desenvolvimento/01_Pg_Fig_ExInicializacao.png, id=736, 7960.74126pt x 2479.
2625pt>
File: 02_desenvolvimento/01_Pg_Fig_ExInicializacao.png Graphic file (type png)
<use 02_desenvolvimento/01_Pg_Fig_ExInicializacao.png>
Package pdftex.def Info: 02_desenvolvimento/01_Pg_Fig_ExInicializacao.png  used
 on input line 58.
(pdftex.def)             Requested size: 364.19664pt x 113.41568pt.

[22 <./02_desenvolvimento/01_Pg_Fig_ExInicializacao.png>]
<02_desenvolvimento/01_Pg_Fig_GraficoBuscaExploration.png, id=749, 420.82219pt 
x 311.66437pt>
File: 02_desenvolvimento/01_Pg_Fig_GraficoBuscaExploration.png Graphic file (ty
pe png)
<use 02_desenvolvimento/01_Pg_Fig_GraficoBuscaExploration.png>
Package pdftex.def Info: 02_desenvolvimento/01_Pg_Fig_GraficoBuscaExploration.p
ng  used on input line 96.
(pdftex.def)             Requested size: 318.66946pt x 236.01137pt.


LaTeX Warning: `!h' float specifier changed to `!ht'.

[23]
<02_desenvolvimento/01_Pg_Fig_ExMutacaoVarTerm.png, id=761, 9306.77pt x 3583.38
75pt>
File: 02_desenvolvimento/01_Pg_Fig_ExMutacaoVarTerm.png Graphic file (type png)

<use 02_desenvolvimento/01_Pg_Fig_ExMutacaoVarTerm.png>
Package pdftex.def Info: 02_desenvolvimento/01_Pg_Fig_ExMutacaoVarTerm.png  use
d on input line 106.
(pdftex.def)             Requested size: 455.24408pt x 175.24306pt.
 [24 <./02_desenvolvimento/01_Pg_Fig_GraficoBuscaExploration.png>]
<02_desenvolvimento/01_Pg_Fig_ExMutacaoRamo.png, id=768, 8021.97pt x 3452.9pt>
File: 02_desenvolvimento/01_Pg_Fig_ExMutacaoRamo.png Graphic file (type png)
<use 02_desenvolvimento/01_Pg_Fig_ExMutacaoRamo.png>
Package pdftex.def Info: 02_desenvolvimento/01_Pg_Fig_ExMutacaoRamo.png  used o
n input line 114.
(pdftex.def)             Requested size: 409.71689pt x 176.3432pt.
<02_desenvolvimento/01_Pg_Fig_ExCruzamento.png, id=769, 7760.995pt x 8311.05pt>

File: 02_desenvolvimento/01_Pg_Fig_ExCruzamento.png Graphic file (type png)
<use 02_desenvolvimento/01_Pg_Fig_ExCruzamento.png>
Package pdftex.def Info: 02_desenvolvimento/01_Pg_Fig_ExCruzamento.png  used on
 input line 122.
(pdftex.def)             Requested size: 364.19664pt x 389.95996pt.
 [25 <./02_desenvolvimento/01_Pg_Fig_ExMutacaoVarTerm.png> <./02_desenvolviment
o/01_Pg_Fig_ExMutacaoRamo.png>]
<02_desenvolvimento/01_Pg_Fig_ExReplicacao.png, id=776, 8653.32875pt x 3447.881
26pt>
File: 02_desenvolvimento/01_Pg_Fig_ExReplicacao.png Graphic file (type png)
<use 02_desenvolvimento/01_Pg_Fig_ExReplicacao.png>
Package pdftex.def Info: 02_desenvolvimento/01_Pg_Fig_ExReplicacao.png  used on
 input line 130.
(pdftex.def)             Requested size: 409.71689pt x 163.24995pt.
 [26 <./02_desenvolvimento/01_Pg_Fig_ExCruzamento.png> <./02_desenvolvimento/01
_Pg_Fig_ExReplicacao.png>]
Overfull \hbox (11.5438pt too wide) in paragraph at lines 136--137
[]\OT1/lmr/m/n/12 O criterio de termino do ci-clo evo-lu-tivo ge-ral-mente em
-pre-gado e o pre-estabelecimento
 []

<02_desenvolvimento/01_Pg_Fig_CicloCompleto.png, id=785, 7780.06625pt x 8160.48
75pt>
File: 02_desenvolvimento/01_Pg_Fig_CicloCompleto.png Graphic file (type png)
<use 02_desenvolvimento/01_Pg_Fig_CicloCompleto.png>
Package pdftex.def Info: 02_desenvolvimento/01_Pg_Fig_CicloCompleto.png  used o
n input line 167.
(pdftex.def)             Requested size: 455.24408pt x 477.40529pt.

LaTeX Warning: `!h' float specifier changed to `!ht'.

[27]) [28 <./02_desenvolvimento/01_Pg_Fig_CicloCompleto.png>]
\openout2 = `02_desenvolvimento/02_PInv_Tex.aux'.


(02_desenvolvimento/02_PInv_Tex.tex

Package hyperref Warning: Token not allowed in a PDF string (PDFDocEncoding):
(hyperref)                removing `\spacefactor' on input line 1.


Package hyperref Warning: Token not allowed in a PDF string (PDFDocEncoding):
(hyperref)                removing `\@m' on input line 1.

<02_desenvolvimento/02_PInv_Fig_CartPole.png, id=812, 4032.06375pt x 3730.93875
pt>
File: 02_desenvolvimento/02_PInv_Fig_CartPole.png Graphic file (type png)
<use 02_desenvolvimento/02_PInv_Fig_CartPole.png>
Package pdftex.def Info: 02_desenvolvimento/02_PInv_Fig_CartPole.png  used on i
nput line 13.
(pdftex.def)             Requested size: 273.14922pt x 252.7099pt.
[29


 <./02_desenvolvimento/02_PInv_Fig_CartPole.png>]

LaTeX Warning: Reference `eq:02PInv_SistEq' on page 30 undefined on input line 
42.

[30]
<02_desenvolvimento/02_PInv_Fig_Mdp.png, id=833, 4934.435pt x 2023.56pt>
File: 02_desenvolvimento/02_PInv_Fig_Mdp.png Graphic file (type png)
<use 02_desenvolvimento/02_PInv_Fig_Mdp.png>
Package pdftex.def Info: 02_desenvolvimento/02_PInv_Fig_Mdp.png  used on input 
line 52.
(pdftex.def)             Requested size: 364.19664pt x 149.35204pt.
 [31 <./02_desenvolvimento/02_PInv_Fig_Mdp.png>]
<02_desenvolvimento/02_PInv_Fig_ClassUML.pdf, id=844, 319.1925pt x 723.70375pt>

File: 02_desenvolvimento/02_PInv_Fig_ClassUML.pdf Graphic file (type pdf)
<use 02_desenvolvimento/02_PInv_Fig_ClassUML.pdf>
Package pdftex.def Info: 02_desenvolvimento/02_PInv_Fig_ClassUML.pdf  used on i
nput line 88.
(pdftex.def)             Requested size: 182.09485pt x 412.85774pt.
 [32] [33 <./02_desenvolvimento/02_PInv_Fig_ClassUML.pdf>]
<02_desenvolvimento/02_PInv_Fig_CicloGym.png, id=865, 7138.67pt x 7999.8875pt>
File: 02_desenvolvimento/02_PInv_Fig_CicloGym.png Graphic file (type png)
<use 02_desenvolvimento/02_PInv_Fig_CicloGym.png>
Package pdftex.def Info: 02_desenvolvimento/02_PInv_Fig_CicloGym.png  used on i
nput line 125.
(pdftex.def)             Requested size: 455.24408pt x 510.12341pt.
 [34]
<02_desenvolvimento/02_PInv_Fig_Observacao.png, id=875, 4031.06pt x 1813.77625p
t>
File: 02_desenvolvimento/02_PInv_Fig_Observacao.png Graphic file (type png)
<use 02_desenvolvimento/02_PInv_Fig_Observacao.png>
Package pdftex.def Info: 02_desenvolvimento/02_PInv_Fig_Observacao.png  used on
 input line 137.
(pdftex.def)             Requested size: 273.14922pt x 122.88126pt.
 [35 <./02_desenvolvimento/02_PInv_Fig_CicloGym.png>]
<02_desenvolvimento/02_PInv_Fig_Recompensa.png, id=882, 1290.8225pt x 1492.5762
5pt>
File: 02_desenvolvimento/02_PInv_Fig_Recompensa.png Graphic file (type png)
<use 02_desenvolvimento/02_PInv_Fig_Recompensa.png>
Package pdftex.def Info: 02_desenvolvimento/02_PInv_Fig_Recompensa.png  used on
 input line 143.
(pdftex.def)             Requested size: 68.28383pt x 78.93762pt.
<02_desenvolvimento/02_PInv_Fig_Termino.png, id=883, 829.0975pt x 1487.5575pt>
File: 02_desenvolvimento/02_PInv_Fig_Termino.png Graphic file (type png)
<use 02_desenvolvimento/02_PInv_Fig_Termino.png>
Package pdftex.def Info: 02_desenvolvimento/02_PInv_Fig_Termino.png  used on in
put line 149.
(pdftex.def)             Requested size: 45.52718pt x 81.66837pt.
) [36 <./02_desenvolvimento/02_PInv_Fig_Observacao.png> <./02_desenvolvimento/0
2_PInv_Fig_Recompensa.png> <./02_desenvolvimento/02_PInv_Fig_Termino.png>]
\openout2 = `02_desenvolvimento/03_Deap_Tex.aux'.

 (02_desenvolvimento/03_Deap_Tex.tex
<02_desenvolvimento/03_Deap_Fig_Modulos.png, id=893, 5135.185pt x 3327.43124pt>

File: 02_desenvolvimento/03_Deap_Fig_Modulos.png Graphic file (type png)
<use 02_desenvolvimento/03_Deap_Fig_Modulos.png>
Package pdftex.def Info: 02_desenvolvimento/03_Deap_Fig_Modulos.png  used on in
put line 21.
(pdftex.def)             Requested size: 318.66946pt x 206.44077pt.
 [37


] [38 <./02_desenvolvimento/03_Deap_Fig_Modulos.png>] [39]
Overfull \hbox (4.78902pt too wide) in paragraph at lines 102--103
[]\OT1/lmr/m/n/12 Ja que os in-divduos s~ao ex-press~oes ma-tematicas que p
ro-du-zem re-sul-ta-dos numericos
 []

<02_desenvolvimento/03_Deap_Fig_Wrapper.png, id=919, 4939.45375pt x 3131.7pt>
File: 02_desenvolvimento/03_Deap_Fig_Wrapper.png Graphic file (type png)
<use 02_desenvolvimento/03_Deap_Fig_Wrapper.png>
Package pdftex.def Info: 02_desenvolvimento/03_Deap_Fig_Wrapper.png  used on in
put line 106.
(pdftex.def)             Requested size: 250.38562pt x 158.74454pt.
[40 <./02_desenvolvimento/03_Deap_Fig_Wrapper.png>] [41]
<02_desenvolvimento/03_Deap_Fig_Profundidade.png, id=939, 594.22pt x 528.97626p
t>
File: 02_desenvolvimento/03_Deap_Fig_Profundidade.png Graphic file (type png)
<use 02_desenvolvimento/03_Deap_Fig_Profundidade.png>
Package pdftex.def Info: 02_desenvolvimento/03_Deap_Fig_Profundidade.png  used 
on input line 186.
(pdftex.def)             Requested size: 273.14922pt x 243.1706pt.
 [42] [43 <./02_desenvolvimento/03_Deap_Fig_Profundidade.png>] [44] [45] [46] [
47] [48]

LaTeX Warning: Citation `luke02BloatFight' on page 49 undefined on input line 3
60.

[49]

LaTeX Warning: Citation `brunton17book-Mlc' on page 50 undefined on input line 
381.

[50] [51] [52]
Overfull \hbox (6.17796pt too wide) in paragraph at lines 453--453
[]\OT1/lmr/bx/n/12 Func~ao \OT1/lmr/m/n/12 ea-Mu-Com-ma-Lambda (\OT1/lmr/m/it/
12 po-pu-la-tion, to-ol-box, mu, lambda, cxpb, mutpb, ngen[,
 []

) [53]
\openout2 = `02_desenvolvimento/04_EC_Tex.aux'.

 (02_desenvolvimento/04_EC_Tex.tex
Overfull \hbox (2.40408pt too wide) in paragraph at lines 9--10
[]\OT1/lmr/m/n/12 Abaixo, sera in-cluda uma breve ex-plicac~ao de cada par^
ametro e sua im-ple-mentac~ao. 
 []

[54


] [55]
Overfull \hbox (11.26483pt too wide) in paragraph at lines 60--77
 [][] 
 []

[56]
<02_desenvolvimento/04_EC_Fig_CartpoleAptGer.png, id=1049, 462.528pt x 346.896p
t>
File: 02_desenvolvimento/04_EC_Fig_CartpoleAptGer.png Graphic file (type png)
<use 02_desenvolvimento/04_EC_Fig_CartpoleAptGer.png>
Package pdftex.def Info: 02_desenvolvimento/04_EC_Fig_CartpoleAptGer.png  used 
on input line 90.
(pdftex.def)             Requested size: 364.19664pt x 273.16086pt.
 [57]
<02_desenvolvimento/04_EC_Fig_CartpoleAptHist.png, id=1056, 462.528pt x 346.896
pt>
File: 02_desenvolvimento/04_EC_Fig_CartpoleAptHist.png Graphic file (type png)
<use 02_desenvolvimento/04_EC_Fig_CartpoleAptHist.png>
Package pdftex.def Info: 02_desenvolvimento/04_EC_Fig_CartpoleAptHist.png  used
 on input line 101.
(pdftex.def)             Requested size: 364.19664pt x 273.16086pt.
 [58 <./02_desenvolvimento/04_EC_Fig_CartpoleAptGer.png>]
<02_desenvolvimento/04_EC_Fig_CartpoleCompr.png, id=1064, 462.528pt x 346.896pt
>
File: 02_desenvolvimento/04_EC_Fig_CartpoleCompr.png Graphic file (type png)
<use 02_desenvolvimento/04_EC_Fig_CartpoleCompr.png>
Package pdftex.def Info: 02_desenvolvimento/04_EC_Fig_CartpoleCompr.png  used o
n input line 110.
(pdftex.def)             Requested size: 364.19664pt x 273.16086pt.
 [59 <./02_desenvolvimento/04_EC_Fig_CartpoleAptHist.png>]
<02_desenvolvimento/04_EC_Fig_CartpoleCompl.png, id=1072, 462.528pt x 346.896pt
>
File: 02_desenvolvimento/04_EC_Fig_CartpoleCompl.png Graphic file (type png)
<use 02_desenvolvimento/04_EC_Fig_CartpoleCompl.png>
Package pdftex.def Info: 02_desenvolvimento/04_EC_Fig_CartpoleCompl.png  used o
n input line 119.
(pdftex.def)             Requested size: 364.19664pt x 273.16086pt.
 [60 <./02_desenvolvimento/04_EC_Fig_CartpoleCompr.png> <./02_desenvolvimento/0
4_EC_Fig_CartpoleCompl.png>]
<02_desenvolvimento/04_EC_Fig_CartpoleOper.png, id=1080, 462.528pt x 346.896pt>

File: 02_desenvolvimento/04_EC_Fig_CartpoleOper.png Graphic file (type png)
<use 02_desenvolvimento/04_EC_Fig_CartpoleOper.png>
Package pdftex.def Info: 02_desenvolvimento/04_EC_Fig_CartpoleOper.png  used on
 input line 128.
(pdftex.def)             Requested size: 364.19664pt x 273.16086pt.
<02_desenvolvimento/04_EC_Fig_CartpoleIndiv1.png, id=1083, 569.4876pt x 549.974
7pt>
File: 02_desenvolvimento/04_EC_Fig_CartpoleIndiv1.png Graphic file (type png)
<use 02_desenvolvimento/04_EC_Fig_CartpoleIndiv1.png>
Package pdftex.def Info: 02_desenvolvimento/04_EC_Fig_CartpoleIndiv1.png  used 
on input line 139.
(pdftex.def)             Requested size: 455.24408pt x 439.65308pt.

[61 <./02_desenvolvimento/04_EC_Fig_CartpoleOper.png>]
<02_desenvolvimento/04_EC_Fig_CartpoleIndiv2.png, id=1090, 640.3122pt x 586.109
7pt>
File: 02_desenvolvimento/04_EC_Fig_CartpoleIndiv2.png Graphic file (type png)
<use 02_desenvolvimento/04_EC_Fig_CartpoleIndiv2.png>
Package pdftex.def Info: 02_desenvolvimento/04_EC_Fig_CartpoleIndiv2.png  used 
on input line 148.
(pdftex.def)             Requested size: 455.24408pt x 416.7221pt.
 [62 <./02_desenvolvimento/04_EC_Fig_CartpoleIndiv1.png>]
<02_desenvolvimento/04_EC_Fig_CartpoleGraficosAval.png, id=1098, 674.2791pt x 4
86.3771pt>
File: 02_desenvolvimento/04_EC_Fig_CartpoleGraficosAval.png Graphic file (type 
png)
<use 02_desenvolvimento/04_EC_Fig_CartpoleGraficosAval.png>
Package pdftex.def Info: 02_desenvolvimento/04_EC_Fig_CartpoleGraficosAval.png 
 used on input line 157.
(pdftex.def)             Requested size: 455.24408pt x 328.38686pt.
 [63 <./02_desenvolvimento/04_EC_Fig_CartpoleIndiv2.png>] [64 <./02_desenvolvim
ento/04_EC_Fig_CartpoleGraficosAval.png>]
<02_desenvolvimento/04_EC_Fig_CartpoleDQNDiverg.png, id=1114, 578.16pt x 144.54
pt>
File: 02_desenvolvimento/04_EC_Fig_CartpoleDQNDiverg.png Graphic file (type png
)
<use 02_desenvolvimento/04_EC_Fig_CartpoleDQNDiverg.png>
Package pdftex.def Info: 02_desenvolvimento/04_EC_Fig_CartpoleDQNDiverg.png  us
ed on input line 176.
(pdftex.def)             Requested size: 386.96024pt x 96.73982pt.
<02_desenvolvimento/04_EC_Fig_CartpoleDQNGraf.png, id=1117, 578.16pt x 144.54pt
>
File: 02_desenvolvimento/04_EC_Fig_CartpoleDQNGraf.png Graphic file (type png)
<use 02_desenvolvimento/04_EC_Fig_CartpoleDQNGraf.png>
Package pdftex.def Info: 02_desenvolvimento/04_EC_Fig_CartpoleDQNGraf.png  used
 on input line 185.
(pdftex.def)             Requested size: 386.96024pt x 96.73982pt.

[65 <./02_desenvolvimento/04_EC_Fig_CartpoleDQNDiverg.png> <./02_desenvolviment
o/04_EC_Fig_CartpoleDQNGraf.png>]
<02_desenvolvimento/04_EC_Fig_CartpoleDQNVarGraf.png, id=1129, 462.528pt x 346.
896pt>
File: 02_desenvolvimento/04_EC_Fig_CartpoleDQNVarGraf.png Graphic file (type pn
g)
<use 02_desenvolvimento/04_EC_Fig_CartpoleDQNVarGraf.png>
Package pdftex.def Info: 02_desenvolvimento/04_EC_Fig_CartpoleDQNVarGraf.png  u
sed on input line 211.
(pdftex.def)             Requested size: 386.96024pt x 290.23672pt.
 [66 <./02_desenvolvimento/04_EC_Fig_CartpoleDQNVarGraf.png>]
<02_desenvolvimento/04_EC_Fig_PendulumEnv2.png, id=1139, 613.54219pt x 538.2609
4pt>
File: 02_desenvolvimento/04_EC_Fig_PendulumEnv2.png Graphic file (type png)
<use 02_desenvolvimento/04_EC_Fig_PendulumEnv2.png>
Package pdftex.def Info: 02_desenvolvimento/04_EC_Fig_PendulumEnv2.png  used on
 input line 226.
(pdftex.def)             Requested size: 318.66946pt x 279.56877pt.
 [67 <./02_desenvolvimento/04_EC_Fig_PendulumEnv2.png>] [68]
Overfull \hbox (11.26483pt too wide) in paragraph at lines 285--302
 [][] 
 []

<02_desenvolvimento/04_EC_Fig_PendulumClipFun.png, id=1160, 462.528pt x 346.896
pt>
File: 02_desenvolvimento/04_EC_Fig_PendulumClipFun.png Graphic file (type png)
<use 02_desenvolvimento/04_EC_Fig_PendulumClipFun.png>
Package pdftex.def Info: 02_desenvolvimento/04_EC_Fig_PendulumClipFun.png  used
 on input line 311.
(pdftex.def)             Requested size: 373.30347pt x 279.98909pt.
[69]
<02_desenvolvimento/04_EC_Fig_PendulumAptGer.png, id=1167, 462.528pt x 346.896p
t>
File: 02_desenvolvimento/04_EC_Fig_PendulumAptGer.png Graphic file (type png)
<use 02_desenvolvimento/04_EC_Fig_PendulumAptGer.png>
Package pdftex.def Info: 02_desenvolvimento/04_EC_Fig_PendulumAptGer.png  used 
on input line 322.
(pdftex.def)             Requested size: 386.96024pt x 290.23672pt.
 [70 <./02_desenvolvimento/04_EC_Fig_PendulumClipFun.png>]
<02_desenvolvimento/04_EC_Fig_PendulumAptHist.png, id=1173, 462.528pt x 346.896
pt>
File: 02_desenvolvimento/04_EC_Fig_PendulumAptHist.png Graphic file (type png)
<use 02_desenvolvimento/04_EC_Fig_PendulumAptHist.png>
Package pdftex.def Info: 02_desenvolvimento/04_EC_Fig_PendulumAptHist.png  used
 on input line 329.
(pdftex.def)             Requested size: 386.96024pt x 290.23672pt.
<02_desenvolvimento/04_EC_Fig_PendulumCompr.png, id=1176, 462.528pt x 346.896pt
>
File: 02_desenvolvimento/04_EC_Fig_PendulumCompr.png Graphic file (type png)
<use 02_desenvolvimento/04_EC_Fig_PendulumCompr.png>
Package pdftex.def Info: 02_desenvolvimento/04_EC_Fig_PendulumCompr.png  used o
n input line 338.
(pdftex.def)             Requested size: 386.96024pt x 290.23672pt.
 [71 <./02_desenvolvimento/04_EC_Fig_PendulumAptGer.png> <./02_desenvolvimento/
04_EC_Fig_PendulumAptHist.png>]
<02_desenvolvimento/04_EC_Fig_PendulumCompl.png, id=1184, 462.528pt x 346.896pt
>
File: 02_desenvolvimento/04_EC_Fig_PendulumCompl.png Graphic file (type png)
<use 02_desenvolvimento/04_EC_Fig_PendulumCompl.png>
Package pdftex.def Info: 02_desenvolvimento/04_EC_Fig_PendulumCompl.png  used o
n input line 345.
(pdftex.def)             Requested size: 386.96024pt x 290.23672pt.
 [72 <./02_desenvolvimento/04_EC_Fig_PendulumCompr.png> <./02_desenvolvimento/0
4_EC_Fig_PendulumCompl.png>]
<02_desenvolvimento/04_EC_Fig_PendulumOper.png, id=1192, 552.1428pt x 346.896pt
>
File: 02_desenvolvimento/04_EC_Fig_PendulumOper.png Graphic file (type png)
<use 02_desenvolvimento/04_EC_Fig_PendulumOper.png>
Package pdftex.def Info: 02_desenvolvimento/04_EC_Fig_PendulumOper.png  used on
 input line 356.
(pdftex.def)             Requested size: 386.96024pt x 243.12195pt.
<02_desenvolvimento/04_EC_Fig_PendulumIndiv1.png, id=1194, 685.1196pt x 579.605
4pt>
File: 02_desenvolvimento/04_EC_Fig_PendulumIndiv1.png Graphic file (type png)
<use 02_desenvolvimento/04_EC_Fig_PendulumIndiv1.png>
Package pdftex.def Info: 02_desenvolvimento/04_EC_Fig_PendulumIndiv1.png  used 
on input line 365.
(pdftex.def)             Requested size: 455.24408pt x 385.14088pt.
 [73 <./02_desenvolvimento/04_EC_Fig_PendulumOper.png>]
<02_desenvolvimento/04_EC_Fig_PendulumIndiv2.png, id=1201, 739.3221pt x 549.252
pt>
File: 02_desenvolvimento/04_EC_Fig_PendulumIndiv2.png Graphic file (type png)
<use 02_desenvolvimento/04_EC_Fig_PendulumIndiv2.png>
Package pdftex.def Info: 02_desenvolvimento/04_EC_Fig_PendulumIndiv2.png  used 
on input line 374.
(pdftex.def)             Requested size: 455.24408pt x 338.20282pt.
 [74 <./02_desenvolvimento/04_EC_Fig_PendulumIndiv1.png>]
<02_desenvolvimento/04_EC_Fig_PendulumGraficosAval.png, id=1209, 544.9158pt x 3
66.4089pt>
File: 02_desenvolvimento/04_EC_Fig_PendulumGraficosAval.png Graphic file (type 
png)
<use 02_desenvolvimento/04_EC_Fig_PendulumGraficosAval.png>
Package pdftex.def Info: 02_desenvolvimento/04_EC_Fig_PendulumGraficosAval.png 
 used on input line 383.
(pdftex.def)             Requested size: 432.48048pt x 290.80727pt.

[75 <./02_desenvolvimento/04_EC_Fig_PendulumIndiv2.png>]
<02_desenvolvimento/04_EC_Fig_PendulumDDPGGraf.png, id=1219, 578.16pt x 144.54p
t>
File: 02_desenvolvimento/04_EC_Fig_PendulumDDPGGraf.png Graphic file (type png)

<use 02_desenvolvimento/04_EC_Fig_PendulumDDPGGraf.png>
Package pdftex.def Info: 02_desenvolvimento/04_EC_Fig_PendulumDDPGGraf.png  use
d on input line 396.
(pdftex.def)             Requested size: 409.71689pt x 102.42781pt.
 [76 <./02_desenvolvimento/04_EC_Fig_PendulumGraficosAval.png>]
<02_desenvolvimento/04_EC_Fig_PendulumDDPGVarGraf.png, id=1226, 462.528pt x 346
.896pt>
File: 02_desenvolvimento/04_EC_Fig_PendulumDDPGVarGraf.png Graphic file (type p
ng)
<use 02_desenvolvimento/04_EC_Fig_PendulumDDPGVarGraf.png>
Package pdftex.def Info: 02_desenvolvimento/04_EC_Fig_PendulumDDPGVarGraf.png  
used on input line 405.
(pdftex.def)             Requested size: 409.71689pt x 307.302pt.
 [77 <./02_desenvolvimento/04_EC_Fig_PendulumDDPGGraf.png> <./02_desenvolviment
o/04_EC_Fig_PendulumDDPGVarGraf.png>]
<02_desenvolvimento/04_EC_Fig_DPEnv.png, id=1237, 424.58624pt x 335.00156pt>
File: 02_desenvolvimento/04_EC_Fig_DPEnv.png Graphic file (type png)
<use 02_desenvolvimento/04_EC_Fig_DPEnv.png>
Package pdftex.def Info: 02_desenvolvimento/04_EC_Fig_DPEnv.png  used on input 
line 431.
(pdftex.def)             Requested size: 364.19664pt x 287.36475pt.
<02_desenvolvimento/04_EC_Fig_DPEnv2.png, id=1238, 485.815pt x 323.2075pt>
File: 02_desenvolvimento/04_EC_Fig_DPEnv2.png Graphic file (type png)
<use 02_desenvolvimento/04_EC_Fig_DPEnv2.png>
Package pdftex.def Info: 02_desenvolvimento/04_EC_Fig_DPEnv2.png  used on input
 line 438.
(pdftex.def)             Requested size: 364.19664pt x 242.29652pt.

[78 <./02_desenvolvimento/04_EC_Fig_DPEnv.png>] [79 <./02_desenvolvimento/04_EC
_Fig_DPEnv2.png>]
<02_desenvolvimento/04_EC_Fig_DPAptHist.png, id=1258, 462.528pt x 346.896pt>
File: 02_desenvolvimento/04_EC_Fig_DPAptHist.png Graphic file (type png)
<use 02_desenvolvimento/04_EC_Fig_DPAptHist.png>
Package pdftex.def Info: 02_desenvolvimento/04_EC_Fig_DPAptHist.png  used on in
put line 502.
(pdftex.def)             Requested size: 364.19664pt x 273.16086pt.
 [80]
<02_desenvolvimento/04_EC_Fig_DPAptGer.png, id=1265, 462.528pt x 346.896pt>
File: 02_desenvolvimento/04_EC_Fig_DPAptGer.png Graphic file (type png)
<use 02_desenvolvimento/04_EC_Fig_DPAptGer.png>
Package pdftex.def Info: 02_desenvolvimento/04_EC_Fig_DPAptGer.png  used on inp
ut line 509.
(pdftex.def)             Requested size: 364.19664pt x 273.16086pt.
<02_desenvolvimento/04_EC_Fig_DPCompr.png, id=1266, 462.528pt x 346.896pt>
File: 02_desenvolvimento/04_EC_Fig_DPCompr.png Graphic file (type png)
<use 02_desenvolvimento/04_EC_Fig_DPCompr.png>
Package pdftex.def Info: 02_desenvolvimento/04_EC_Fig_DPCompr.png  used on inpu
t line 516.
(pdftex.def)             Requested size: 364.19664pt x 273.16086pt.
 [81 <./02_desenvolvimento/04_EC_Fig_DPAptHist.png> <./02_desenvolvimento/04_EC
_Fig_DPAptGer.png>]
<02_desenvolvimento/04_EC_Fig_DPCompl.png, id=1273, 462.528pt x 346.896pt>
File: 02_desenvolvimento/04_EC_Fig_DPCompl.png Graphic file (type png)
<use 02_desenvolvimento/04_EC_Fig_DPCompl.png>
Package pdftex.def Info: 02_desenvolvimento/04_EC_Fig_DPCompl.png  used on inpu
t line 523.
(pdftex.def)             Requested size: 364.19664pt x 273.16086pt.
<02_desenvolvimento/04_EC_Fig_DPOperHist.png, id=1274, 850.6179pt x 465.4188pt>

File: 02_desenvolvimento/04_EC_Fig_DPOperHist.png Graphic file (type png)
<use 02_desenvolvimento/04_EC_Fig_DPOperHist.png>
Package pdftex.def Info: 02_desenvolvimento/04_EC_Fig_DPOperHist.png  used on i
nput line 530.
(pdftex.def)             Requested size: 364.19664pt x 199.27397pt.
 [82 <./02_desenvolvimento/04_EC_Fig_DPCompr.png> <./02_desenvolvimento/04_EC_F
ig_DPCompl.png>]
<02_desenvolvimento/04_EC_Fig_DPIndiv1.png, id=1282, 567.3195pt x 501.5538pt>
File: 02_desenvolvimento/04_EC_Fig_DPIndiv1.png Graphic file (type png)
<use 02_desenvolvimento/04_EC_Fig_DPIndiv1.png>
Package pdftex.def Info: 02_desenvolvimento/04_EC_Fig_DPIndiv1.png  used on inp
ut line 539.
(pdftex.def)             Requested size: 409.71689pt x 362.2205pt.
 [83 <./02_desenvolvimento/04_EC_Fig_DPOperHist.png> <./02_desenvolvimento/04_E
C_Fig_DPIndiv1.png>]
<02_desenvolvimento/04_EC_Fig_DPVarGraf.png, id=1292, 462.528pt x 346.896pt>
File: 02_desenvolvimento/04_EC_Fig_DPVarGraf.png Graphic file (type png)
<use 02_desenvolvimento/04_EC_Fig_DPVarGraf.png>
Package pdftex.def Info: 02_desenvolvimento/04_EC_Fig_DPVarGraf.png  used on in
put line 548.
(pdftex.def)             Requested size: 409.71689pt x 307.302pt.


LaTeX Warning: Reference `' on page 84 undefined on input line 553.

<02_desenvolvimento/04_EC_Fig_DPDDPGTrain.png, id=1295, 578.16pt x 144.54pt>
File: 02_desenvolvimento/04_EC_Fig_DPDDPGTrain.png Graphic file (type png)
<use 02_desenvolvimento/04_EC_Fig_DPDDPGTrain.png>
Package pdftex.def Info: 02_desenvolvimento/04_EC_Fig_DPDDPGTrain.png  used on 
input line 557.
(pdftex.def)             Requested size: 364.19664pt x 91.04742pt.
[84 <./02_desenvolvimento/04_EC_Fig_DPVarGraf.png> <./02_desenvolvimento/04_EC_
Fig_DPDDPGTrain.png>]
<02_desenvolvimento/04_EC_Fig_MCEnv.png, id=1305, 613.29124pt x 412.54124pt>
File: 02_desenvolvimento/04_EC_Fig_MCEnv.png Graphic file (type png)
<use 02_desenvolvimento/04_EC_Fig_MCEnv.png>
Package pdftex.def Info: 02_desenvolvimento/04_EC_Fig_MCEnv.png  used on input 
line 584.
(pdftex.def)             Requested size: 364.19664pt x 244.98352pt.
 [85 <./02_desenvolvimento/04_EC_Fig_MCEnv.png>] [86]
Overfull \hbox (11.26483pt too wide) in paragraph at lines 633--650
 [][] 
 []


LaTeX Warning: Reference `' on page 87 undefined on input line 653.


LaTeX Warning: Reference `' on page 87 undefined on input line 653.

<02_desenvolvimento/04_EC_Fig_MCAptHist.png, id=1324, 462.528pt x 346.896pt>
File: 02_desenvolvimento/04_EC_Fig_MCAptHist.png Graphic file (type png)
<use 02_desenvolvimento/04_EC_Fig_MCAptHist.png>
Package pdftex.def Info: 02_desenvolvimento/04_EC_Fig_MCAptHist.png  used on in
put line 657.
(pdftex.def)             Requested size: 364.19664pt x 273.16086pt.
[87]
<02_desenvolvimento/04_EC_Fig_MCAptGer.png, id=1329, 462.528pt x 346.896pt>
File: 02_desenvolvimento/04_EC_Fig_MCAptGer.png Graphic file (type png)
<use 02_desenvolvimento/04_EC_Fig_MCAptGer.png>
Package pdftex.def Info: 02_desenvolvimento/04_EC_Fig_MCAptGer.png  used on inp
ut line 664.
(pdftex.def)             Requested size: 364.19664pt x 273.16086pt.
<02_desenvolvimento/04_EC_Fig_MCCompr.png, id=1330, 462.528pt x 346.896pt>
File: 02_desenvolvimento/04_EC_Fig_MCCompr.png Graphic file (type png)
<use 02_desenvolvimento/04_EC_Fig_MCCompr.png>
Package pdftex.def Info: 02_desenvolvimento/04_EC_Fig_MCCompr.png  used on inpu
t line 671.
(pdftex.def)             Requested size: 364.19664pt x 273.16086pt.
 [88 <./02_desenvolvimento/04_EC_Fig_MCAptHist.png> <./02_desenvolvimento/04_EC
_Fig_MCAptGer.png>]
<02_desenvolvimento/04_EC_Fig_MCCompl.png, id=1337, 462.528pt x 346.896pt>
File: 02_desenvolvimento/04_EC_Fig_MCCompl.png Graphic file (type png)
<use 02_desenvolvimento/04_EC_Fig_MCCompl.png>
Package pdftex.def Info: 02_desenvolvimento/04_EC_Fig_MCCompl.png  used on inpu
t line 678.
(pdftex.def)             Requested size: 364.19664pt x 273.16086pt.
<02_desenvolvimento/04_EC_Fig_MCOperHist.png, id=1338, 462.528pt x 346.896pt>
File: 02_desenvolvimento/04_EC_Fig_MCOperHist.png Graphic file (type png)
<use 02_desenvolvimento/04_EC_Fig_MCOperHist.png>
Package pdftex.def Info: 02_desenvolvimento/04_EC_Fig_MCOperHist.png  used on i
nput line 685.
(pdftex.def)             Requested size: 364.19664pt x 273.16086pt.
 [89 <./02_desenvolvimento/04_EC_Fig_MCCompr.png> <./02_desenvolvimento/04_EC_F
ig_MCCompl.png>]

LaTeX Warning: Reference `' on page 90 undefined on input line 690.

<02_desenvolvimento/04_EC_Fig_MCIndiv1.png, id=1346, 451.6875pt x 539.1342pt>
File: 02_desenvolvimento/04_EC_Fig_MCIndiv1.png Graphic file (type png)
<use 02_desenvolvimento/04_EC_Fig_MCIndiv1.png>
Package pdftex.def Info: 02_desenvolvimento/04_EC_Fig_MCIndiv1.png  used on inp
ut line 694.
(pdftex.def)             Requested size: 364.19664pt x 434.73018pt.
[90 <./02_desenvolvimento/04_EC_Fig_MCOperHist.png>]
<02_desenvolvimento/04_EC_Fig_MCVarAval.png, id=1352, 462.528pt x 346.896pt>
File: 02_desenvolvimento/04_EC_Fig_MCVarAval.png Graphic file (type png)
<use 02_desenvolvimento/04_EC_Fig_MCVarAval.png>
Package pdftex.def Info: 02_desenvolvimento/04_EC_Fig_MCVarAval.png  used on in
put line 701.
(pdftex.def)             Requested size: 364.19664pt x 273.16086pt.
 [91 <./02_desenvolvimento/04_EC_Fig_MCIndiv1.png>]

LaTeX Warning: Reference `' on page 92 undefined on input line 706.

<02_desenvolvimento/04_EC_Fig_MCDQNTrain.png, id=1361, 578.16pt x 144.54pt>
File: 02_desenvolvimento/04_EC_Fig_MCDQNTrain.png Graphic file (type png)
<use 02_desenvolvimento/04_EC_Fig_MCDQNTrain.png>
Package pdftex.def Info: 02_desenvolvimento/04_EC_Fig_MCDQNTrain.png  used on i
nput line 710.
(pdftex.def)             Requested size: 409.71689pt x 102.42781pt.
[92 <./02_desenvolvimento/04_EC_Fig_MCVarAval.png> <./02_desenvolvimento/04_EC_
Fig_MCDQNTrain.png>]) [93]

Package hyperref Warning: Token not allowed in a PDF string (PDFDocEncoding):
(hyperref)                removing `math shift' on input line 180.


Package hyperref Warning: Token not allowed in a PDF string (PDFDocEncoding):
(hyperref)                removing `\@@underline' on input line 180.


Package hyperref Warning: Token not allowed in a PDF string (PDFDocEncoding):
(hyperref)                removing `\hbox' on input line 180.


Package hyperref Warning: Token not allowed in a PDF string (PDFDocEncoding):
(hyperref)                removing `\mathsurround' on input line 180.


Package hyperref Warning: Token not allowed in a PDF string (PDFDocEncoding):
(hyperref)                removing `\z@' on input line 180.


Package hyperref Warning: Token not allowed in a PDF string (PDFDocEncoding):
(hyperref)                removing `math shift' on input line 180.

\openout2 = `03_conclusao/conclusao.aux'.

(03_conclusao/conclusao.tex
Underfull \hbox (badness 10000) in paragraph at lines 1--3

 []

[94


] [95]) [96] (monografia.bbl
Underfull \hbox (badness 10000) in paragraph at lines 49--54
[]\OT1/lmr/m/n/12 DIAS, D. M. \OT1/lmr/m/it/12 Sntese Au-tomarica de Pro-gra
-mas para Mi-cro-con-tro-la-do-
 []


Underfull \hbox (badness 7522) in paragraph at lines 49--54
\OT1/lmr/m/it/12 res Di-gi-tais por Pro-gramac~ao Genetica\OT1/lmr/m/n/12 . T
ese (Dou-to-rado). Dis-ponvel em:
 []

[97

]) [98]
\openout2 = `03_conclusao/apendice.aux'.

 (03_conclusao/apendice.tex [99

]) [100]
Package atveryend Info: Empty hook `BeforeClearDocument' on input line 194.
Package atveryend Info: Empty hook `AfterLastShipout' on input line 194.
 (monografia.aux
(00_pretextual/Capa.aux) (00_pretextual/FolhaDeRosto.aux)
(00_pretextual/Fichacatalog.aux) (00_pretextual/FolhaDeAprovacao.aux)
(00_pretextual/Dedicatoria.aux) (00_pretextual/Agradecimento.aux)
(00_pretextual/Resumo.aux) (00_pretextual/Abstract.aux)
(01_introducao/introducao.aux) (02_desenvolvimento/01_Pg_Tex.aux)
(02_desenvolvimento/02_PInv_Tex.aux) (02_desenvolvimento/03_Deap_Tex.aux)
(02_desenvolvimento/04_EC_Tex.aux) (03_conclusao/conclusao.aux)
(03_conclusao/apendice.aux))
Package atveryend Info: Executing hook `AtVeryEndDocument' on input line 194.
Package atveryend Info: Executing hook `AtEndAfterFileList' on input line 194.
Package rerunfilecheck Info: File `monografia.out' has not changed.
(rerunfilecheck)             Checksum: 1039A974F8BA00940A2E2EB23AD2679F;2226.


LaTeX Warning: There were undefined references.

Package atveryend Info: Empty hook `AtVeryVeryEnd' on input line 194.
 ) 
Here is how much of TeX's memory you used:
 26861 strings out of 492895
 516159 string characters out of 3119065
 569652 words of memory out of 3000000
 30013 multiletter control sequences out of 15000+200000
 632973 words of font info for 86 fonts, out of 3000000 for 9000
 1141 hyphenation exceptions out of 8191
 40i,16n,63p,890b,1115s stack positions out of 5000i,500n,10000p,200000b,50000s
pdfTeX warning (dest): name{Hfootnote.2} has been referenced but does not exi
st, replaced by a fixed one

pdfTeX warning (dest): name{Hfootnote.1} has been referenced but does not exist
, replaced by a fixed one

{C:/Users/desktop-windows/AppData/Local/Programs/MiKTeX 2.9/fonts/enc/dvips/lm/
lm-rmtt.enc}{C:/Users/desktop-windows/AppData/Local/Programs/MiKTeX 2.9/fonts/e
nc/dvips/lm/lm-rm.enc}{C:/Users/desktop-windows/AppData/Local/Programs/MiKTeX 2
.9/fonts/enc/dvips/lm/lm-mathsy.enc}{C:/Users/desktop-windows/AppData/Local/Pro
grams/MiKTeX 2.9/fonts/enc/dvips/lm/lm-mathex.enc}{C:/Users/desktop-windows/App
Data/Local/Programs/MiKTeX 2.9/fonts/enc/dvips/lm/lm-mathit.enc}{C:/Users/deskt
op-windows/AppData/Local/Programs/MiKTeX 2.9/fonts/enc/dvips/lm/lm-rmsc.enc}<C:
/Users/desktop-windows/AppData/Local/Programs/MiKTeX 2.9/fonts/type1/public/lm/
lmbx12.pfb><C:/Users/desktop-windows/AppData/Local/Programs/MiKTeX 2.9/fonts/ty
pe1/public/lm/lmbxi10.pfb><C:/Users/desktop-windows/AppData/Local/Programs/MiKT
eX 2.9/fonts/type1/public/lm/lmcsc10.pfb><C:/Users/desktop-windows/AppData/Loca
l/Programs/MiKTeX 2.9/fonts/type1/public/lm/lmex10.pfb><C:/Users/desktop-window
s/AppData/Local/Programs/MiKTeX 2.9/fonts/type1/public/lm/lmmi12.pfb><C:/Users/
desktop-windows/AppData/Local/Programs/MiKTeX 2.9/fonts/type1/public/lm/lmmi8.p
fb><C:/Users/desktop-windows/AppData/Local/Programs/MiKTeX 2.9/fonts/type1/publ
ic/lm/lmr10.pfb><C:/Users/desktop-windows/AppData/Local/Programs/MiKTeX 2.9/fon
ts/type1/public/lm/lmr12.pfb><C:/Users/desktop-windows/AppData/Local/Programs/M
iKTeX 2.9/fonts/type1/public/lm/lmr6.pfb><C:/Users/desktop-windows/AppData/Loca
l/Programs/MiKTeX 2.9/fonts/type1/public/lm/lmr7.pfb><C:/Users/desktop-windows/
AppData/Local/Programs/MiKTeX 2.9/fonts/type1/public/lm/lmr8.pfb><C:/Users/desk
top-windows/AppData/Local/Programs/MiKTeX 2.9/fonts/type1/public/lm/lmri10.pfb>
<C:/Users/desktop-windows/AppData/Local/Programs/MiKTeX 2.9/fonts/type1/public/
lm/lmri12.pfb><C:/Users/desktop-windows/AppData/Local/Programs/MiKTeX 2.9/fonts
/type1/public/lm/lmsy10.pfb><C:/Users/desktop-windows/AppData/Local/Programs/Mi
KTeX 2.9/fonts/type1/public/lm/lmsy6.pfb><C:/Users/desktop-windows/AppData/Loca
l/Programs/MiKTeX 2.9/fonts/type1/public/lm/lmsy8.pfb><C:/Users/desktop-windows
/AppData/Local/Programs/MiKTeX 2.9/fonts/type1/public/lm/lmtt12.pfb><C:/Users/d
esktop-windows/AppData/Local/Programs/MiKTeX 2.9/fonts/type1/public/lm/lmtti10.
pfb>
Output written on monografia.pdf (102 pages, 6989775 bytes).
PDF statistics:
 1541 PDF objects out of 1728 (max. 8388607)
 280 named destinations out of 1000 (max. 500000)
 592 words of extra memory for PDF output out of 10000 (max. 10000000)

